<?xml version="1.0" encoding="UTF-8"?>
<TestRun id="a1fb7ab1-f50b-4682-968c-cd250ddb47d0" name="Johan@JOHAN-PC 2012-03-03 15:40:47" runUser="Johan-PC\Johan" xmlns="http://microsoft.com/schemas/VisualStudio/TeamTest/2010">
  <TestSettings name="Local" id="39875048-2048-441b-8624-86654f126164">
    <Description>These are default test settings for a local test run.</Description>
    <Deployment enabled="false" runDeploymentRoot="Johan_JOHAN-PC 2012-03-03 15_40_47">
      <DeploymentItem filename="C:\Users\Johan\Documents\projects\RapidCase\packages\Selenium.WebDriver.2.20.0\lib\net40\WebDriver.dll" />
      <DeploymentItem filename="C:\Users\Johan\Documents\projects\RapidCase\packages\SpecFlow.1.8.1\lib\net35\TechTalk.SpecFlow.dll" />
      <DeploymentItem filename="C:\Users\Johan\Documents\projects\RapidCase\RapidCase.Common\bin\Debug\RapidCase.Common.dll" />
      <DeploymentItem filename="C:\Users\Johan\Documents\projects\RapidCase\packages\DotNetZip.1.9.1.8\lib\net20\Ionic.Zip.dll" />
      <DeploymentItem filename="C:\Users\Johan\Documents\projects\RapidCase\packages\Newtonsoft.Json.4.0.6\lib\net40\Newtonsoft.Json.dll" />
    </Deployment>
    <Execution>
      <TestTypeSpecific />
      <AgentRule name="Execution Agents">
      </AgentRule>
    </Execution>
  </TestSettings>
  <Times creation="2012-03-03T15:40:47.5452578+01:00" queuing="2012-03-03T15:40:49.2352602+01:00" start="2012-03-03T15:40:49.4552605+01:00" finish="2012-03-03T15:41:57.0926502+01:00" />
  <ResultSummary outcome="Error">
    <Counters total="8" executed="6" error="0" failed="0" timeout="0" aborted="1" inconclusive="5" passedButRunAborted="0" notRunnable="0" notExecuted="2" disconnected="0" warning="0" passed="0" completed="0" inProgress="0" pending="0" />
    <RunInfos>
      <RunInfo computerName="JOHAN-PC" outcome="Error" timestamp="2012-03-03T15:41:57.0926502+01:00">
        <Text>Test host process exited unexpectedly.</Text>
      </RunInfo>
    </RunInfos>
  </ResultSummary>
  <TestDefinitions>
    <UnitTest name="EnterANewPasswordForTheAdministrator" storage="c:\users\johan\documents\projects\rapidcase\rapidcase.basicsystem.specifications\bin\debug\rapidcase.basicsystem.specifications.dll" id="95e46ef1-4c35-5064-9623-a0479d1051dc">
      <Description>Enter a new password for the administrator</Description>
      <TestCategory>
        <TestCategoryItem TestCategory="web" />
      </TestCategory>
      <Execution id="3cdcff85-5391-4655-8262-9e24c7f138d3" />
      <Properties>
        <Property>
          <Key>FeatureTitle</Key>
          <Value>Initial set up</Value>
        </Property>
      </Properties>
      <TestMethod codeBase="C:/Users/Johan/Documents/projects/RapidCase/RapidCase.BasicSystem.Specifications/bin/Debug/RapidCase.BasicSystem.Specifications.DLL" adapterTypeName="Microsoft.VisualStudio.TestTools.TestTypes.Unit.UnitTestAdapter, Microsoft.VisualStudio.QualityTools.Tips.UnitTest.Adapter, Version=10.0.0.0, Culture=neutral, PublicKeyToken=b03f5f7f11d50a3a" className="RapidCase.BasicSystem.Specifications.SetUp.InitialSetUpFeature, RapidCase.BasicSystem.Specifications, Version=1.0.0.0, Culture=neutral, PublicKeyToken=null" name="EnterANewPasswordForTheAdministrator" />
    </UnitTest>
    <UnitTest name="SelectLocalMachineAsDatabaseLocation" storage="c:\users\johan\documents\projects\rapidcase\rapidcase.basicsystem.specifications\bin\debug\rapidcase.basicsystem.specifications.dll" id="8d4c6df6-5866-db20-1f74-006235607b8a">
      <Description>Select local machine as database location</Description>
      <TestCategory>
        <TestCategoryItem TestCategory="web" />
      </TestCategory>
      <Execution id="bbfd0ca4-c5d0-4c36-926e-181a166501c3" />
      <Properties>
        <Property>
          <Key>FeatureTitle</Key>
          <Value>Initial set up</Value>
        </Property>
      </Properties>
      <TestMethod codeBase="C:/Users/Johan/Documents/projects/RapidCase/RapidCase.BasicSystem.Specifications/bin/Debug/RapidCase.BasicSystem.Specifications.DLL" adapterTypeName="Microsoft.VisualStudio.TestTools.TestTypes.Unit.UnitTestAdapter, Microsoft.VisualStudio.QualityTools.Tips.UnitTest.Adapter, Version=10.0.0.0, Culture=neutral, PublicKeyToken=b03f5f7f11d50a3a" className="RapidCase.BasicSystem.Specifications.SetUp.InitialSetUpFeature, RapidCase.BasicSystem.Specifications, Version=1.0.0.0, Culture=neutral, PublicKeyToken=null" name="SelectLocalMachineAsDatabaseLocation" />
    </UnitTest>
    <UnitTest name="AInitialFileIsLoadedTheFirstTimeIStartTheRapidCaseDevelopmentStudio" storage="c:\users\johan\documents\projects\rapidcase\rapidcase.developerstudio.specifications\bin\debug\rapidcase.developerstudio.specifications.dll" id="fd5c18a6-5934-b007-aee8-c67ef598ac60">
      <Description>A initial file is loaded the first time I start the RapidCase Development Studio</Description>
      <TestCategory>
        <TestCategoryItem TestCategory="web" />
      </TestCategory>
      <Execution id="958a0a1f-5623-45ea-9998-8c6ee68127ec" />
      <Properties>
        <Property>
          <Key>FeatureTitle</Key>
          <Value>New, Open and save</Value>
        </Property>
      </Properties>
      <TestMethod codeBase="C:/Users/Johan/Documents/projects/RapidCase/RapidCase.DeveloperStudio.Specifications/bin/Debug/RapidCase.DeveloperStudio.Specifications.DLL" adapterTypeName="Microsoft.VisualStudio.TestTools.TestTypes.Unit.UnitTestAdapter, Microsoft.VisualStudio.QualityTools.Tips.UnitTest.Adapter, Version=10.0.0.0, Culture=neutral, PublicKeyToken=b03f5f7f11d50a3a" className="RapidCase.DeveloperStudio.Specifications.BasicFunctions.NewOpenAndSaveFeature, RapidCase.DeveloperStudio.Specifications, Version=1.0.0.0, Culture=neutral, PublicKeyToken=null" name="AInitialFileIsLoadedTheFirstTimeIStartTheRapidCaseDevelopmentStudio" />
    </UnitTest>
    <UnitTest name="SelectRemoteMachineAsDatabaseLocation" storage="c:\users\johan\documents\projects\rapidcase\rapidcase.basicsystem.specifications\bin\debug\rapidcase.basicsystem.specifications.dll" id="74de5755-d905-bcb7-16cf-e2c5b89adbd1">
      <Description>Select remote machine as database location</Description>
      <TestCategory>
        <TestCategoryItem TestCategory="web" />
      </TestCategory>
      <Execution id="237346b7-0804-443c-b69f-2f82ecaabbd6" />
      <Properties>
        <Property>
          <Key>FeatureTitle</Key>
          <Value>Initial set up</Value>
        </Property>
      </Properties>
      <TestMethod codeBase="C:/Users/Johan/Documents/projects/RapidCase/RapidCase.BasicSystem.Specifications/bin/Debug/RapidCase.BasicSystem.Specifications.DLL" adapterTypeName="Microsoft.VisualStudio.TestTools.TestTypes.Unit.UnitTestAdapter, Microsoft.VisualStudio.QualityTools.Tips.UnitTest.Adapter, Version=10.0.0.0, Culture=neutral, PublicKeyToken=b03f5f7f11d50a3a" className="RapidCase.BasicSystem.Specifications.SetUp.InitialSetUpFeature, RapidCase.BasicSystem.Specifications, Version=1.0.0.0, Culture=neutral, PublicKeyToken=null" name="SelectRemoteMachineAsDatabaseLocation" />
    </UnitTest>
    <UnitTest name="WhenALogInToTheRapidCaseDevelopmentStudioTheConfigurationIsAutomaticlyLoaded" storage="c:\users\johan\documents\projects\rapidcase\rapidcase.developerstudio.specifications\bin\debug\rapidcase.developerstudio.specifications.dll" id="f534cc6d-ccd7-79c5-9d4a-e36817d3f99a">
      <Description>When a log in to the RapidCase Development Studio the configuration is automaticly loaded</Description>
      <TestCategory>
        <TestCategoryItem TestCategory="web" />
      </TestCategory>
      <Execution id="16031716-06d3-4fca-b1ef-ce0daf6bbef9" />
      <Properties>
        <Property>
          <Key>FeatureTitle</Key>
          <Value>New, Open and save</Value>
        </Property>
      </Properties>
      <TestMethod codeBase="C:/Users/Johan/Documents/projects/RapidCase/RapidCase.DeveloperStudio.Specifications/bin/Debug/RapidCase.DeveloperStudio.Specifications.DLL" adapterTypeName="Microsoft.VisualStudio.TestTools.TestTypes.Unit.UnitTestAdapter, Microsoft.VisualStudio.QualityTools.Tips.UnitTest.Adapter, Version=10.0.0.0, Culture=neutral, PublicKeyToken=b03f5f7f11d50a3a" className="RapidCase.DeveloperStudio.Specifications.BasicFunctions.NewOpenAndSaveFeature, RapidCase.DeveloperStudio.Specifications, Version=1.0.0.0, Culture=neutral, PublicKeyToken=null" name="WhenALogInToTheRapidCaseDevelopmentStudioTheConfigurationIsAutomaticlyLoaded" />
    </UnitTest>
    <UnitTest name="WhenAPushTheSaveButtonTheActiveObjectIsSaved" storage="c:\users\johan\documents\projects\rapidcase\rapidcase.developerstudio.specifications\bin\debug\rapidcase.developerstudio.specifications.dll" id="73302206-0dad-245f-b252-a47d9578b55d">
      <Description>When a push the save button the active object is saved</Description>
      <TestCategory>
        <TestCategoryItem TestCategory="web" />
      </TestCategory>
      <Execution id="02e29c1e-b758-41ca-b1ba-18a0a7d68e6b" />
      <Properties>
        <Property>
          <Key>FeatureTitle</Key>
          <Value>New, Open and save</Value>
        </Property>
      </Properties>
      <TestMethod codeBase="C:/Users/Johan/Documents/projects/RapidCase/RapidCase.DeveloperStudio.Specifications/bin/Debug/RapidCase.DeveloperStudio.Specifications.DLL" adapterTypeName="Microsoft.VisualStudio.TestTools.TestTypes.Unit.UnitTestAdapter, Microsoft.VisualStudio.QualityTools.Tips.UnitTest.Adapter, Version=10.0.0.0, Culture=neutral, PublicKeyToken=b03f5f7f11d50a3a" className="RapidCase.DeveloperStudio.Specifications.BasicFunctions.NewOpenAndSaveFeature, RapidCase.DeveloperStudio.Specifications, Version=1.0.0.0, Culture=neutral, PublicKeyToken=null" name="WhenAPushTheSaveButtonTheActiveObjectIsSaved" />
    </UnitTest>
    <UnitTest name="ShowDatabaseLocationSelectionScreenIfDatabaseLocationIsMissing" storage="c:\users\johan\documents\projects\rapidcase\rapidcase.basicsystem.specifications\bin\debug\rapidcase.basicsystem.specifications.dll" id="aeb86a68-2854-fb20-7a92-364d8b8d2c93">
      <Description>Show database location selection screen if database location is missing</Description>
      <TestCategory>
        <TestCategoryItem TestCategory="web" />
      </TestCategory>
      <Execution id="1fb2d457-c6b0-4c02-8a9f-8619bada7cfc" />
      <Properties>
        <Property>
          <Key>FeatureTitle</Key>
          <Value>Initial set up</Value>
        </Property>
      </Properties>
      <TestMethod codeBase="C:/Users/Johan/Documents/projects/RapidCase/RapidCase.BasicSystem.Specifications/bin/Debug/RapidCase.BasicSystem.Specifications.DLL" adapterTypeName="Microsoft.VisualStudio.TestTools.TestTypes.Unit.UnitTestAdapter, Microsoft.VisualStudio.QualityTools.Tips.UnitTest.Adapter, Version=10.0.0.0, Culture=neutral, PublicKeyToken=b03f5f7f11d50a3a" className="RapidCase.BasicSystem.Specifications.SetUp.InitialSetUpFeature, RapidCase.BasicSystem.Specifications, Version=1.0.0.0, Culture=neutral, PublicKeyToken=null" name="ShowDatabaseLocationSelectionScreenIfDatabaseLocationIsMissing" />
    </UnitTest>
    <UnitTest name="RequestPasswordForAdministratorIfItDoNotExist" storage="c:\users\johan\documents\projects\rapidcase\rapidcase.basicsystem.specifications\bin\debug\rapidcase.basicsystem.specifications.dll" id="2e679938-1445-30bd-4d11-d6ed4fcccdf7">
      <Description>Request password for administrator if it do not exist</Description>
      <TestCategory>
        <TestCategoryItem TestCategory="web" />
      </TestCategory>
      <Execution id="8fa39af7-4c28-4357-829a-29b2c35abc7e" />
      <Properties>
        <Property>
          <Key>FeatureTitle</Key>
          <Value>Initial set up</Value>
        </Property>
      </Properties>
      <TestMethod codeBase="C:/Users/Johan/Documents/projects/RapidCase/RapidCase.BasicSystem.Specifications/bin/Debug/RapidCase.BasicSystem.Specifications.DLL" adapterTypeName="Microsoft.VisualStudio.TestTools.TestTypes.Unit.UnitTestAdapter, Microsoft.VisualStudio.QualityTools.Tips.UnitTest.Adapter, Version=10.0.0.0, Culture=neutral, PublicKeyToken=b03f5f7f11d50a3a" className="RapidCase.BasicSystem.Specifications.SetUp.InitialSetUpFeature, RapidCase.BasicSystem.Specifications, Version=1.0.0.0, Culture=neutral, PublicKeyToken=null" name="RequestPasswordForAdministratorIfItDoNotExist" />
    </UnitTest>
  </TestDefinitions>
  <TestLists>
    <TestList name="Results Not in a List" id="8c84fa94-04c1-424b-9868-57a2d4851a1d" />
    <TestList name="All Loaded Results" id="19431567-8539-422a-85d7-44ee4e166bda" />
  </TestLists>
  <TestEntries>
    <TestEntry testId="2e679938-1445-30bd-4d11-d6ed4fcccdf7" executionId="8fa39af7-4c28-4357-829a-29b2c35abc7e" testListId="8c84fa94-04c1-424b-9868-57a2d4851a1d" />
    <TestEntry testId="73302206-0dad-245f-b252-a47d9578b55d" executionId="02e29c1e-b758-41ca-b1ba-18a0a7d68e6b" testListId="8c84fa94-04c1-424b-9868-57a2d4851a1d" />
    <TestEntry testId="74de5755-d905-bcb7-16cf-e2c5b89adbd1" executionId="237346b7-0804-443c-b69f-2f82ecaabbd6" testListId="8c84fa94-04c1-424b-9868-57a2d4851a1d" />
    <TestEntry testId="8d4c6df6-5866-db20-1f74-006235607b8a" executionId="bbfd0ca4-c5d0-4c36-926e-181a166501c3" testListId="8c84fa94-04c1-424b-9868-57a2d4851a1d" />
    <TestEntry testId="95e46ef1-4c35-5064-9623-a0479d1051dc" executionId="3cdcff85-5391-4655-8262-9e24c7f138d3" testListId="8c84fa94-04c1-424b-9868-57a2d4851a1d" />
    <TestEntry testId="aeb86a68-2854-fb20-7a92-364d8b8d2c93" executionId="1fb2d457-c6b0-4c02-8a9f-8619bada7cfc" testListId="8c84fa94-04c1-424b-9868-57a2d4851a1d" />
    <TestEntry testId="f534cc6d-ccd7-79c5-9d4a-e36817d3f99a" executionId="16031716-06d3-4fca-b1ef-ce0daf6bbef9" testListId="8c84fa94-04c1-424b-9868-57a2d4851a1d" />
    <TestEntry testId="fd5c18a6-5934-b007-aee8-c67ef598ac60" executionId="958a0a1f-5623-45ea-9998-8c6ee68127ec" testListId="8c84fa94-04c1-424b-9868-57a2d4851a1d" />
  </TestEntries>
  <Results>
    <UnitTestResult executionId="8fa39af7-4c28-4357-829a-29b2c35abc7e" testId="2e679938-1445-30bd-4d11-d6ed4fcccdf7" testName="RequestPasswordForAdministratorIfItDoNotExist" computerName="JOHAN-PC" duration="00:00:02.5708152" startTime="2012-03-03T15:40:49.6652608+01:00" endTime="2012-03-03T15:40:55.7492852+01:00" testType="13cdc9d9-ddb5-4fa4-a97d-d965ccfc6d4b" outcome="Inconclusive" testListId="8c84fa94-04c1-424b-9868-57a2d4851a1d" relativeResultsDirectory="8fa39af7-4c28-4357-829a-29b2c35abc7e">
      <Output>
        <StdOut>Given Administrator do not have a password
-&gt; No matching step definition found for the step. Use the following code to create one:
    [Binding]
    public class StepDefinitions
    {
        [Given(@"Administrator do not have a password")]
        public void GivenAdministratorDoNotHaveAPassword()
        {
            ScenarioContext.Current.Pending();
        }
    }

When I navigate to the default page
-&gt; skipped because of previous errors
Then I be shown a password field to enter a new password and a button to submit it
-&gt; No matching step definition found for the step. Use the following code to create one:
    [Binding]
    public class StepDefinitions
    {
        [Then(@"I be shown a password field to enter a new password and a button to submit it")]
        public void ThenIBeShownAPasswordFieldToEnterANewPasswordAndAButtonToSubmitIt()
        {
            ScenarioContext.Current.Pending();
        }
    }</StdOut>
        <ErrorInfo>
          <Message>Assert.Inconclusive failed. No matching step definition found for one or more steps.
[Binding]
public class StepDefinitions
{
    [Given(@"Administrator do not have a password")]
    public void GivenAdministratorDoNotHaveAPassword()
    {
        ScenarioContext.Current.Pending();
    }
    
    [Then(@"I be shown a password field to enter a new password and a button to submit it")]
    public void ThenIBeShownAPasswordFieldToEnterANewPasswordAndAButtonToSubmitIt()
    {
        ScenarioContext.Current.Pending();
    }
}
</Message>
          <StackTrace>   at lambda_method(Closure , String , Object[] )
   at TechTalk.SpecFlow.UnitTestProvider.MsTestRuntimeProvider.TestInconclusive(String message)
   at TechTalk.SpecFlow.UnitTestProvider.MsTestRuntimeProvider.TestPending(String message)
   at TechTalk.SpecFlow.ErrorHandling.ErrorProvider.ThrowPendingError(TestStatus testStatus, String message)
   at TechTalk.SpecFlow.Infrastructure.TestExecutionEngine.OnAfterLastStep()
   at TechTalk.SpecFlow.TestRunner.CollectScenarioErrors()
   at RapidCase.BasicSystem.Specifications.SetUp.InitialSetUpFeature.ScenarioCleanup() in C:\Users\Johan\Documents\projects\RapidCase\RapidCase.BasicSystem.Specifications\SetUp\InitalSetUp.feature.cs:line 0
   at RapidCase.BasicSystem.Specifications.SetUp.InitialSetUpFeature.RequestPasswordForAdministratorIfItDoNotExist() in c:\Users\Johan\Documents\projects\RapidCase\RapidCase.BasicSystem.Specifications\SetUp\InitalSetUp.feature:line 29
</StackTrace>
        </ErrorInfo>
      </Output>
    </UnitTestResult>
    <UnitTestResult executionId="02e29c1e-b758-41ca-b1ba-18a0a7d68e6b" testId="73302206-0dad-245f-b252-a47d9578b55d" testName="WhenAPushTheSaveButtonTheActiveObjectIsSaved" computerName="JOHAN-PC" duration="00:00:02.0555760" startTime="2012-03-03T15:40:55.7592852+01:00" endTime="2012-03-03T15:40:59.9892911+01:00" testType="13cdc9d9-ddb5-4fa4-a97d-d965ccfc6d4b" outcome="Inconclusive" testListId="8c84fa94-04c1-424b-9868-57a2d4851a1d" relativeResultsDirectory="02e29c1e-b758-41ca-b1ba-18a0a7d68e6b">
      <Output>
        <StdOut>Given I'am loged in to the RapidCase Development Studio
-&gt; No matching step definition found for the step. Use the following code to create one:
    [Binding]
    public class StepDefinitions
    {
        [Given(@"I'am loged in to the RapidCase Development Studio")]
        public void GivenIAmLogedInToTheRapidCaseDevelopmentStudio()
        {
            ScenarioContext.Current.Pending();
        }
    }

And I have made som changes
-&gt; No matching step definition found for the step. Use the following code to create one:
    [Binding]
    public class StepDefinitions
    {
        [Given(@"I have made som changes")]
        public void GivenIHaveMadeSomChanges()
        {
            ScenarioContext.Current.Pending();
        }
    }

When I press the save button
-&gt; No matching step definition found for the step. Use the following code to create one:
    [Binding]
    public class StepDefinitions
    {
        [When(@"I press the save button")]
        public void WhenIPressTheSaveButton()
        {
            ScenarioContext.Current.Pending();
        }
    }

Then my changes is saved to ?
-&gt; No matching step definition found for the step. Use the following code to create one:
    [Binding]
    public class StepDefinitions
    {
        [Then(@"my changes is saved to \?")]
        public void ThenMyChangesIsSavedTo()
        {
            ScenarioContext.Current.Pending();
        }
    }</StdOut>
        <ErrorInfo>
          <Message>Assert.Inconclusive failed. No matching step definition found for one or more steps.
[Binding]
public class StepDefinitions
{
    [Given(@"I have made som changes")]
    public void GivenIHaveMadeSomChanges()
    {
        ScenarioContext.Current.Pending();
    }
    
    [Given(@"I'am loged in to the RapidCase Development Studio")]
    public void GivenIAmLogedInToTheRapidCaseDevelopmentStudio()
    {
        ScenarioContext.Current.Pending();
    }
    
    [Then(@"my changes is saved to \?")]
    public void ThenMyChangesIsSavedTo()
    {
        ScenarioContext.Current.Pending();
    }
    
    [When(@"I press the save button")]
    public void WhenIPressTheSaveButton()
    {
        ScenarioContext.Current.Pending();
    }
}
</Message>
          <StackTrace>   at lambda_method(Closure , String , Object[] )
   at TechTalk.SpecFlow.UnitTestProvider.MsTestRuntimeProvider.TestInconclusive(String message)
   at TechTalk.SpecFlow.UnitTestProvider.MsTestRuntimeProvider.TestPending(String message)
   at TechTalk.SpecFlow.ErrorHandling.ErrorProvider.ThrowPendingError(TestStatus testStatus, String message)
   at TechTalk.SpecFlow.Infrastructure.TestExecutionEngine.OnAfterLastStep()
   at TechTalk.SpecFlow.TestRunner.CollectScenarioErrors()
   at RapidCase.DeveloperStudio.Specifications.BasicFunctions.NewOpenAndSaveFeature.ScenarioCleanup() in C:\Users\Johan\Documents\projects\RapidCase\RapidCase.DeveloperStudio.Specifications\Basic functions\NewOpenSave.feature.cs:line 0
   at RapidCase.DeveloperStudio.Specifications.BasicFunctions.NewOpenAndSaveFeature.WhenAPushTheSaveButtonTheActiveObjectIsSaved() in c:\Users\Johan\Documents\projects\RapidCase\RapidCase.DeveloperStudio.Specifications\Basic functions\NewOpenSave.feature:line 15
</StackTrace>
        </ErrorInfo>
      </Output>
    </UnitTestResult>
    <UnitTestResult executionId="237346b7-0804-443c-b69f-2f82ecaabbd6" testId="74de5755-d905-bcb7-16cf-e2c5b89adbd1" testName="SelectRemoteMachineAsDatabaseLocation" computerName="JOHAN-PC" duration="00:00:01.1745725" startTime="2012-03-03T15:41:00.0092911+01:00" endTime="2012-03-03T15:41:01.1892928+01:00" testType="13cdc9d9-ddb5-4fa4-a97d-d965ccfc6d4b" outcome="Inconclusive" testListId="8c84fa94-04c1-424b-9868-57a2d4851a1d" relativeResultsDirectory="237346b7-0804-443c-b69f-2f82ecaabbd6">
      <Output>
        <StdOut>Given I start up the system for the first time
-&gt; done: InitalSetUpStepDefinitions.GivenIStartUpTheSystemForTheFirstTime() (0,0s)
And database location selection screen i showing
-&gt; No matching step definition found for the step. Use the following code to create one:
    [Binding]
    public class StepDefinitions
    {
        [Given(@"database location selection screen i showing")]
        public void GivenDatabaseLocationSelectionScreenIShowing()
        {
            ScenarioContext.Current.Pending();
        }
    }

When I select that my database is on a remote machine. I enter 127.0.0.1 as database location, port 8080 as port and clicked save button
-&gt; No matching step definition found for the step. Use the following code to create one:
    [Binding]
    public class StepDefinitions
    {
        [When(@"I select that my database is on a remote machine\. I enter 127\.0\.0\.1 as database location, port 8080 as port and clicked save button")]
        public void WhenISelectThatMyDatabaseIsOnARemoteMachine_IEnter127_0_0_1AsDatabaseLocationPort8080AsPortAndClickedSaveButton()
        {
            ScenarioContext.Current.Pending();
        }
    }

Then the database location i saved as http://127.0.0.1:8080
-&gt; No matching step definition found for the step. Use the following code to create one:
    [Binding]
    public class StepDefinitions
    {
        [Then(@"the database location i saved as http://127\.0\.0\.1:8080")]
        public void ThenTheDatabaseLocationISavedAsHttp127_0_0_18080()
        {
            ScenarioContext.Current.Pending();
        }
    }</StdOut>
        <ErrorInfo>
          <Message>Assert.Inconclusive failed. No matching step definition found for one or more steps.
[Binding]
public class StepDefinitions
{
    [Given(@"database location selection screen i showing")]
    public void GivenDatabaseLocationSelectionScreenIShowing()
    {
        ScenarioContext.Current.Pending();
    }
    
    [Then(@"the database location i saved as http://127\.0\.0\.1:8080")]
    public void ThenTheDatabaseLocationISavedAsHttp127_0_0_18080()
    {
        ScenarioContext.Current.Pending();
    }
    
    [When(@"I select that my database is on a remote machine\. I enter 127\.0\.0\.1 as database location, port 8080 as port and clicked save button")]
    public void WhenISelectThatMyDatabaseIsOnARemoteMachine_IEnter127_0_0_1AsDatabaseLocationPort8080AsPortAndClickedSaveButton()
    {
        ScenarioContext.Current.Pending();
    }
}
</Message>
          <StackTrace>   at lambda_method(Closure , String , Object[] )
   at TechTalk.SpecFlow.UnitTestProvider.MsTestRuntimeProvider.TestInconclusive(String message)
   at TechTalk.SpecFlow.UnitTestProvider.MsTestRuntimeProvider.TestPending(String message)
   at TechTalk.SpecFlow.ErrorHandling.ErrorProvider.ThrowPendingError(TestStatus testStatus, String message)
   at TechTalk.SpecFlow.Infrastructure.TestExecutionEngine.OnAfterLastStep()
   at TechTalk.SpecFlow.TestRunner.CollectScenarioErrors()
   at RapidCase.BasicSystem.Specifications.SetUp.InitialSetUpFeature.ScenarioCleanup() in C:\Users\Johan\Documents\projects\RapidCase\RapidCase.BasicSystem.Specifications\SetUp\InitalSetUp.feature.cs:line 0
   at RapidCase.BasicSystem.Specifications.SetUp.InitialSetUpFeature.SelectRemoteMachineAsDatabaseLocation() in c:\Users\Johan\Documents\projects\RapidCase\RapidCase.BasicSystem.Specifications\SetUp\InitalSetUp.feature:line 23
</StackTrace>
        </ErrorInfo>
      </Output>
    </UnitTestResult>
    <UnitTestResult executionId="bbfd0ca4-c5d0-4c36-926e-181a166501c3" testId="8d4c6df6-5866-db20-1f74-006235607b8a" testName="SelectLocalMachineAsDatabaseLocation" computerName="JOHAN-PC" duration="00:00:00.9575962" startTime="2012-03-03T15:41:01.1992928+01:00" endTime="2012-03-03T15:41:02.1592941+01:00" testType="13cdc9d9-ddb5-4fa4-a97d-d965ccfc6d4b" outcome="Inconclusive" testListId="8c84fa94-04c1-424b-9868-57a2d4851a1d" relativeResultsDirectory="bbfd0ca4-c5d0-4c36-926e-181a166501c3">
      <Output>
        <StdOut>Given I start up the system for the first time
-&gt; done: InitalSetUpStepDefinitions.GivenIStartUpTheSystemForTheFirstTime() (0,0s)
And database location selection screen i showing
-&gt; No matching step definition found for the step. Use the following code to create one:
    [Binding]
    public class StepDefinitions
    {
        [Given(@"database location selection screen i showing")]
        public void GivenDatabaseLocationSelectionScreenIShowing()
        {
            ScenarioContext.Current.Pending();
        }
    }

When I select local machine as database location, port 8080 as port and clicked save button
-&gt; No matching step definition found for the step. Use the following code to create one:
    [Binding]
    public class StepDefinitions
    {
        [When(@"I select local machine as database location, port 8080 as port and clicked save button")]
        public void WhenISelectLocalMachineAsDatabaseLocationPort8080AsPortAndClickedSaveButton()
        {
            ScenarioContext.Current.Pending();
        }
    }

Then the database location i saved as http://localhost:8080
-&gt; No matching step definition found for the step. Use the following code to create one:
    [Binding]
    public class StepDefinitions
    {
        [Then(@"the database location i saved as http://localhost:8080")]
        public void ThenTheDatabaseLocationISavedAsHttpLocalhost8080()
        {
            ScenarioContext.Current.Pending();
        }
    }</StdOut>
        <ErrorInfo>
          <Message>Assert.Inconclusive failed. No matching step definition found for one or more steps.
[Binding]
public class StepDefinitions
{
    [Given(@"database location selection screen i showing")]
    public void GivenDatabaseLocationSelectionScreenIShowing()
    {
        ScenarioContext.Current.Pending();
    }
    
    [Then(@"the database location i saved as http://localhost:8080")]
    public void ThenTheDatabaseLocationISavedAsHttpLocalhost8080()
    {
        ScenarioContext.Current.Pending();
    }
    
    [When(@"I select local machine as database location, port 8080 as port and clicked save button")]
    public void WhenISelectLocalMachineAsDatabaseLocationPort8080AsPortAndClickedSaveButton()
    {
        ScenarioContext.Current.Pending();
    }
}
</Message>
          <StackTrace>   at lambda_method(Closure , String , Object[] )
   at TechTalk.SpecFlow.UnitTestProvider.MsTestRuntimeProvider.TestInconclusive(String message)
   at TechTalk.SpecFlow.UnitTestProvider.MsTestRuntimeProvider.TestPending(String message)
   at TechTalk.SpecFlow.ErrorHandling.ErrorProvider.ThrowPendingError(TestStatus testStatus, String message)
   at TechTalk.SpecFlow.Infrastructure.TestExecutionEngine.OnAfterLastStep()
   at TechTalk.SpecFlow.TestRunner.CollectScenarioErrors()
   at RapidCase.BasicSystem.Specifications.SetUp.InitialSetUpFeature.ScenarioCleanup() in C:\Users\Johan\Documents\projects\RapidCase\RapidCase.BasicSystem.Specifications\SetUp\InitalSetUp.feature.cs:line 0
   at RapidCase.BasicSystem.Specifications.SetUp.InitialSetUpFeature.SelectLocalMachineAsDatabaseLocation() in c:\Users\Johan\Documents\projects\RapidCase\RapidCase.BasicSystem.Specifications\SetUp\InitalSetUp.feature:line 16
</StackTrace>
        </ErrorInfo>
      </Output>
    </UnitTestResult>
    <UnitTestResult executionId="3cdcff85-5391-4655-8262-9e24c7f138d3" testId="95e46ef1-4c35-5064-9623-a0479d1051dc" testName="EnterANewPasswordForTheAdministrator" computerName="JOHAN-PC" duration="00:00:00.8942347" startTime="2012-03-03T15:41:02.1692941+01:00" endTime="2012-03-03T15:41:03.0792954+01:00" testType="13cdc9d9-ddb5-4fa4-a97d-d965ccfc6d4b" outcome="Inconclusive" testListId="8c84fa94-04c1-424b-9868-57a2d4851a1d" relativeResultsDirectory="3cdcff85-5391-4655-8262-9e24c7f138d3">
      <Output>
        <StdOut>Given Administrator do not have a password
-&gt; No matching step definition found for the step. Use the following code to create one:
    [Binding]
    public class StepDefinitions
    {
        [Given(@"Administrator do not have a password")]
        public void GivenAdministratorDoNotHaveAPassword()
        {
            ScenarioContext.Current.Pending();
        }
    }

And I have navigated to the default page
-&gt; No matching step definition found for the step. Use the following code to create one:
    [Binding]
    public class StepDefinitions
    {
        [Given(@"I have navigated to the default page")]
        public void GivenIHaveNavigatedToTheDefaultPage()
        {
            ScenarioContext.Current.Pending();
        }
    }

And I am requested to enter a password for the administrator
-&gt; No matching step definition found for the step. Use the following code to create one:
    [Binding]
    public class StepDefinitions
    {
        [Given(@"I am requested to enter a password for the administrator")]
        public void GivenIAmRequestedToEnterAPasswordForTheAdministrator()
        {
            ScenarioContext.Current.Pending();
        }
    }

When I enter test123 as password and click the submit button
-&gt; No matching step definition found for the step. Use the following code to create one:
    [Binding]
    public class StepDefinitions
    {
        [When(@"I enter test123 as password and click the submit button")]
        public void WhenIEnterTest123AsPasswordAndClickTheSubmitButton()
        {
            ScenarioContext.Current.Pending();
        }
    }

Then test123 will be saved as the password for the administrator and navigated to RapidCase Development Studio
-&gt; No matching step definition found for the step. Use the following code to create one:
    [Binding]
    public class StepDefinitions
    {
        [Then(@"test123 will be saved as the password for the administrator and navigated to RapidCase Development Studio")]
        public void ThenTest123WillBeSavedAsThePasswordForTheAdministratorAndNavigatedToRapidCaseDevelopmentStudio()
        {
            ScenarioContext.Current.Pending();
        }
    }</StdOut>
        <ErrorInfo>
          <Message>Assert.Inconclusive failed. No matching step definition found for one or more steps.
[Binding]
public class StepDefinitions
{
    [Given(@"Administrator do not have a password")]
    public void GivenAdministratorDoNotHaveAPassword()
    {
        ScenarioContext.Current.Pending();
    }
    
    [Given(@"I am requested to enter a password for the administrator")]
    public void GivenIAmRequestedToEnterAPasswordForTheAdministrator()
    {
        ScenarioContext.Current.Pending();
    }
    
    [Given(@"I have navigated to the default page")]
    public void GivenIHaveNavigatedToTheDefaultPage()
    {
        ScenarioContext.Current.Pending();
    }
    
    [Then(@"test123 will be saved as the password for the administrator and navigated to RapidCase Development Studio")]
    public void ThenTest123WillBeSavedAsThePasswordForTheAdministratorAndNavigatedToRapidCaseDevelopmentStudio()
    {
        ScenarioContext.Current.Pending();
    }
    
    [When(@"I enter test123 as password and click the submit button")]
    public void WhenIEnterTest123AsPasswordAndClickTheSubmitButton()
    {
        ScenarioContext.Current.Pending();
    }
}
</Message>
          <StackTrace>   at lambda_method(Closure , String , Object[] )
   at TechTalk.SpecFlow.UnitTestProvider.MsTestRuntimeProvider.TestInconclusive(String message)
   at TechTalk.SpecFlow.UnitTestProvider.MsTestRuntimeProvider.TestPending(String message)
   at TechTalk.SpecFlow.ErrorHandling.ErrorProvider.ThrowPendingError(TestStatus testStatus, String message)
   at TechTalk.SpecFlow.Infrastructure.TestExecutionEngine.OnAfterLastStep()
   at TechTalk.SpecFlow.TestRunner.CollectScenarioErrors()
   at RapidCase.BasicSystem.Specifications.SetUp.InitialSetUpFeature.ScenarioCleanup() in C:\Users\Johan\Documents\projects\RapidCase\RapidCase.BasicSystem.Specifications\SetUp\InitalSetUp.feature.cs:line 0
   at RapidCase.BasicSystem.Specifications.SetUp.InitialSetUpFeature.EnterANewPasswordForTheAdministrator() in c:\Users\Johan\Documents\projects\RapidCase\RapidCase.BasicSystem.Specifications\SetUp\InitalSetUp.feature:line 37
</StackTrace>
        </ErrorInfo>
      </Output>
    </UnitTestResult>
    <UnitTestResult executionId="1fb2d457-c6b0-4c02-8a9f-8619bada7cfc" testId="aeb86a68-2854-fb20-7a92-364d8b8d2c93" testName="ShowDatabaseLocationSelectionScreenIfDatabaseLocationIsMissing" computerName="JOHAN-PC" duration="00:00:54.0033548" startTime="2012-03-03T15:41:03.0892954+01:00" endTime="2012-03-03T15:41:57.0926502+01:00" testType="13cdc9d9-ddb5-4fa4-a97d-d965ccfc6d4b" outcome="Aborted" testListId="8c84fa94-04c1-424b-9868-57a2d4851a1d" relativeResultsDirectory="1fb2d457-c6b0-4c02-8a9f-8619bada7cfc">
    </UnitTestResult>
    <UnitTestResult executionId="16031716-06d3-4fca-b1ef-ce0daf6bbef9" testId="f534cc6d-ccd7-79c5-9d4a-e36817d3f99a" testName="WhenALogInToTheRapidCaseDevelopmentStudioTheConfigurationIsAutomaticlyLoaded" computerName="JOHAN-PC" testType="13cdc9d9-ddb5-4fa4-a97d-d965ccfc6d4b" outcome="NotExecuted" testListId="8c84fa94-04c1-424b-9868-57a2d4851a1d" relativeResultsDirectory="16031716-06d3-4fca-b1ef-ce0daf6bbef9">
    </UnitTestResult>
    <UnitTestResult executionId="958a0a1f-5623-45ea-9998-8c6ee68127ec" testId="fd5c18a6-5934-b007-aee8-c67ef598ac60" testName="AInitialFileIsLoadedTheFirstTimeIStartTheRapidCaseDevelopmentStudio" computerName="JOHAN-PC" testType="13cdc9d9-ddb5-4fa4-a97d-d965ccfc6d4b" outcome="NotExecuted" testListId="8c84fa94-04c1-424b-9868-57a2d4851a1d" relativeResultsDirectory="958a0a1f-5623-45ea-9998-8c6ee68127ec">
    </UnitTestResult>
  </Results>
</TestRun>