<?xml version="1.0" encoding="UTF-8"?>
<TestRun id="54a87b58-bf33-4043-94cd-202ff8b46c55" name="Johan@JOHAN-PC 2012-03-04 21:30:27" runUser="Johan-PC\Johan" xmlns="http://microsoft.com/schemas/VisualStudio/TeamTest/2010">
  <TestSettings name="Local" id="39875048-2048-441b-8624-86654f126164">
    <Description>These are default test settings for a local test run.</Description>
    <Deployment enabled="false" runDeploymentRoot="Johan_JOHAN-PC 2012-03-04 21_30_27">
      <DeploymentItem filename="C:\Users\Johan\Documents\projects\RapidCase\packages\Selenium.WebDriver.2.20.0\lib\net40\WebDriver.dll" />
      <DeploymentItem filename="C:\Users\Johan\Documents\projects\RapidCase\packages\SpecFlow.1.8.1\lib\net35\TechTalk.SpecFlow.dll" />
      <DeploymentItem filename="C:\Users\Johan\Documents\projects\RapidCase\RapidCase.Common\bin\Debug\RapidCase.Common.dll" />
      <DeploymentItem filename="C:\Users\Johan\Documents\projects\RapidCase\packages\DotNetZip.1.9.1.8\lib\net20\Ionic.Zip.dll" />
      <DeploymentItem filename="C:\Users\Johan\Documents\projects\RapidCase\packages\Newtonsoft.Json.4.0.6\lib\net40\Newtonsoft.Json.dll" />
    </Deployment>
    <Execution>
      <TestTypeSpecific />
      <AgentRule name="Execution Agents">
      </AgentRule>
    </Execution>
  </TestSettings>
  <Times creation="2012-03-04T21:30:27.1689144+01:00" queuing="2012-03-04T21:30:27.6739432+01:00" start="2012-03-04T21:30:27.7199459+01:00" finish="2012-03-04T21:30:45.2389479+01:00" />
  <ResultSummary outcome="Inconclusive">
    <Counters total="6" executed="6" passed="3" error="0" failed="0" timeout="0" aborted="0" inconclusive="3" passedButRunAborted="0" notRunnable="0" notExecuted="0" disconnected="0" warning="0" completed="0" inProgress="0" pending="0" />
  </ResultSummary>
  <TestDefinitions>
    <UnitTest name="ShowDatabaseLocationSelectionScreenIfDatabaseLocationIsMissing" storage="c:\users\johan\documents\projects\rapidcase\rapidcase.basicsystem.specifications\bin\debug\rapidcase.basicsystem.specifications.dll" id="607ad56f-0bd1-54e5-69b6-976f368d808a">
      <Description>Show database location selection screen if database location is missing</Description>
      <TestCategory>
        <TestCategoryItem TestCategory="web" />
      </TestCategory>
      <Execution id="d45f6729-df9d-439f-a397-8e26089502e4" />
      <Properties>
        <Property>
          <Key>FeatureTitle</Key>
          <Value>Initial set up</Value>
        </Property>
      </Properties>
      <TestMethod codeBase="C:/Users/Johan/Documents/projects/RapidCase/RapidCase.BasicSystem.Specifications/bin/Debug/RapidCase.BasicSystem.Specifications.DLL" adapterTypeName="Microsoft.VisualStudio.TestTools.TestTypes.Unit.UnitTestAdapter, Microsoft.VisualStudio.QualityTools.Tips.UnitTest.Adapter, Version=10.0.0.0, Culture=neutral, PublicKeyToken=b03f5f7f11d50a3a" className="RapidCase.BasicSystem.Specifications.Setup.InitialSetUpFeature, RapidCase.BasicSystem.Specifications, Version=1.0.0.0, Culture=neutral, PublicKeyToken=null" name="ShowDatabaseLocationSelectionScreenIfDatabaseLocationIsMissing" />
    </UnitTest>
    <UnitTest name="EnterSetupInformationCorrect" storage="c:\users\johan\documents\projects\rapidcase\rapidcase.basicsystem.specifications\bin\debug\rapidcase.basicsystem.specifications.dll" id="5abbfa87-d65c-c25d-a8cd-0901fe713af4">
      <Description>Enter setup information correct</Description>
      <TestCategory>
        <TestCategoryItem TestCategory="web" />
      </TestCategory>
      <Execution id="cdbb5e0f-b1a0-4fb4-ad99-756d8d7cf414" />
      <Properties>
        <Property>
          <Key>FeatureTitle</Key>
          <Value>Initial set up</Value>
        </Property>
      </Properties>
      <TestMethod codeBase="C:/Users/Johan/Documents/projects/RapidCase/RapidCase.BasicSystem.Specifications/bin/Debug/RapidCase.BasicSystem.Specifications.DLL" adapterTypeName="Microsoft.VisualStudio.TestTools.TestTypes.Unit.UnitTestAdapter, Microsoft.VisualStudio.QualityTools.Tips.UnitTest.Adapter, Version=10.0.0.0, Culture=neutral, PublicKeyToken=b03f5f7f11d50a3a" className="RapidCase.BasicSystem.Specifications.Setup.InitialSetUpFeature, RapidCase.BasicSystem.Specifications, Version=1.0.0.0, Culture=neutral, PublicKeyToken=null" name="EnterSetupInformationCorrect" />
    </UnitTest>
    <UnitTest name="AInitialFileIsLoadedTheFirstTimeIStartTheRapidCaseDevelopmentStudio" storage="c:\users\johan\documents\projects\rapidcase\rapidcase.developerstudio.specifications\bin\debug\rapidcase.developerstudio.specifications.dll" id="fd5c18a6-5934-b007-aee8-c67ef598ac60">
      <Description>A initial file is loaded the first time I start the RapidCase Development Studio</Description>
      <TestCategory>
        <TestCategoryItem TestCategory="web" />
      </TestCategory>
      <Execution id="f7e3bdee-bd1d-48f2-96db-4ecfbc737a24" />
      <Properties>
        <Property>
          <Key>FeatureTitle</Key>
          <Value>New, Open and save</Value>
        </Property>
      </Properties>
      <TestMethod codeBase="C:/Users/Johan/Documents/projects/RapidCase/RapidCase.DeveloperStudio.Specifications/bin/Debug/RapidCase.DeveloperStudio.Specifications.DLL" adapterTypeName="Microsoft.VisualStudio.TestTools.TestTypes.Unit.UnitTestAdapter, Microsoft.VisualStudio.QualityTools.Tips.UnitTest.Adapter, Version=10.0.0.0, Culture=neutral, PublicKeyToken=b03f5f7f11d50a3a" className="RapidCase.DeveloperStudio.Specifications.BasicFunctions.NewOpenAndSaveFeature, RapidCase.DeveloperStudio.Specifications, Version=1.0.0.0, Culture=neutral, PublicKeyToken=null" name="AInitialFileIsLoadedTheFirstTimeIStartTheRapidCaseDevelopmentStudio" />
    </UnitTest>
    <UnitTest name="SelectRemoteMachineAsDatabaseLocation" storage="c:\users\johan\documents\projects\rapidcase\rapidcase.basicsystem.specifications\bin\debug\rapidcase.basicsystem.specifications.dll" id="1cf2fcd1-9bb4-7359-640e-ae1d47b72bd4">
      <Description>Select remote machine as database location</Description>
      <TestCategory>
        <TestCategoryItem TestCategory="web" />
      </TestCategory>
      <Execution id="752e4bc8-4b99-433a-99f8-742875f9a11b" />
      <Properties>
        <Property>
          <Key>FeatureTitle</Key>
          <Value>Initial set up</Value>
        </Property>
      </Properties>
      <TestMethod codeBase="C:/Users/Johan/Documents/projects/RapidCase/RapidCase.BasicSystem.Specifications/bin/Debug/RapidCase.BasicSystem.Specifications.DLL" adapterTypeName="Microsoft.VisualStudio.TestTools.TestTypes.Unit.UnitTestAdapter, Microsoft.VisualStudio.QualityTools.Tips.UnitTest.Adapter, Version=10.0.0.0, Culture=neutral, PublicKeyToken=b03f5f7f11d50a3a" className="RapidCase.BasicSystem.Specifications.Setup.InitialSetUpFeature, RapidCase.BasicSystem.Specifications, Version=1.0.0.0, Culture=neutral, PublicKeyToken=null" name="SelectRemoteMachineAsDatabaseLocation" />
    </UnitTest>
    <UnitTest name="WhenALogInToTheRapidCaseDevelopmentStudioTheConfigurationIsAutomaticlyLoaded" storage="c:\users\johan\documents\projects\rapidcase\rapidcase.developerstudio.specifications\bin\debug\rapidcase.developerstudio.specifications.dll" id="f534cc6d-ccd7-79c5-9d4a-e36817d3f99a">
      <Description>When a log in to the RapidCase Development Studio the configuration is automaticly loaded</Description>
      <TestCategory>
        <TestCategoryItem TestCategory="web" />
      </TestCategory>
      <Execution id="b1bb3b5c-813f-4508-8ae9-aa6b1d261ec1" />
      <Properties>
        <Property>
          <Key>FeatureTitle</Key>
          <Value>New, Open and save</Value>
        </Property>
      </Properties>
      <TestMethod codeBase="C:/Users/Johan/Documents/projects/RapidCase/RapidCase.DeveloperStudio.Specifications/bin/Debug/RapidCase.DeveloperStudio.Specifications.DLL" adapterTypeName="Microsoft.VisualStudio.TestTools.TestTypes.Unit.UnitTestAdapter, Microsoft.VisualStudio.QualityTools.Tips.UnitTest.Adapter, Version=10.0.0.0, Culture=neutral, PublicKeyToken=b03f5f7f11d50a3a" className="RapidCase.DeveloperStudio.Specifications.BasicFunctions.NewOpenAndSaveFeature, RapidCase.DeveloperStudio.Specifications, Version=1.0.0.0, Culture=neutral, PublicKeyToken=null" name="WhenALogInToTheRapidCaseDevelopmentStudioTheConfigurationIsAutomaticlyLoaded" />
    </UnitTest>
    <UnitTest name="WhenAPushTheSaveButtonTheActiveObjectIsSaved" storage="c:\users\johan\documents\projects\rapidcase\rapidcase.developerstudio.specifications\bin\debug\rapidcase.developerstudio.specifications.dll" id="73302206-0dad-245f-b252-a47d9578b55d">
      <Description>When a push the save button the active object is saved</Description>
      <TestCategory>
        <TestCategoryItem TestCategory="web" />
      </TestCategory>
      <Execution id="0dc714c8-5ce4-4e3b-96e6-77249fafc411" />
      <Properties>
        <Property>
          <Key>FeatureTitle</Key>
          <Value>New, Open and save</Value>
        </Property>
      </Properties>
      <TestMethod codeBase="C:/Users/Johan/Documents/projects/RapidCase/RapidCase.DeveloperStudio.Specifications/bin/Debug/RapidCase.DeveloperStudio.Specifications.DLL" adapterTypeName="Microsoft.VisualStudio.TestTools.TestTypes.Unit.UnitTestAdapter, Microsoft.VisualStudio.QualityTools.Tips.UnitTest.Adapter, Version=10.0.0.0, Culture=neutral, PublicKeyToken=b03f5f7f11d50a3a" className="RapidCase.DeveloperStudio.Specifications.BasicFunctions.NewOpenAndSaveFeature, RapidCase.DeveloperStudio.Specifications, Version=1.0.0.0, Culture=neutral, PublicKeyToken=null" name="WhenAPushTheSaveButtonTheActiveObjectIsSaved" />
    </UnitTest>
  </TestDefinitions>
  <TestLists>
    <TestList name="Results Not in a List" id="8c84fa94-04c1-424b-9868-57a2d4851a1d" />
    <TestList name="All Loaded Results" id="19431567-8539-422a-85d7-44ee4e166bda" />
  </TestLists>
  <TestEntries>
    <TestEntry testId="1cf2fcd1-9bb4-7359-640e-ae1d47b72bd4" executionId="752e4bc8-4b99-433a-99f8-742875f9a11b" testListId="8c84fa94-04c1-424b-9868-57a2d4851a1d" />
    <TestEntry testId="5abbfa87-d65c-c25d-a8cd-0901fe713af4" executionId="cdbb5e0f-b1a0-4fb4-ad99-756d8d7cf414" testListId="8c84fa94-04c1-424b-9868-57a2d4851a1d" />
    <TestEntry testId="607ad56f-0bd1-54e5-69b6-976f368d808a" executionId="d45f6729-df9d-439f-a397-8e26089502e4" testListId="8c84fa94-04c1-424b-9868-57a2d4851a1d" />
    <TestEntry testId="73302206-0dad-245f-b252-a47d9578b55d" executionId="0dc714c8-5ce4-4e3b-96e6-77249fafc411" testListId="8c84fa94-04c1-424b-9868-57a2d4851a1d" />
    <TestEntry testId="f534cc6d-ccd7-79c5-9d4a-e36817d3f99a" executionId="b1bb3b5c-813f-4508-8ae9-aa6b1d261ec1" testListId="8c84fa94-04c1-424b-9868-57a2d4851a1d" />
    <TestEntry testId="fd5c18a6-5934-b007-aee8-c67ef598ac60" executionId="f7e3bdee-bd1d-48f2-96db-4ecfbc737a24" testListId="8c84fa94-04c1-424b-9868-57a2d4851a1d" />
  </TestEntries>
  <Results>
    <UnitTestResult executionId="752e4bc8-4b99-433a-99f8-742875f9a11b" testId="1cf2fcd1-9bb4-7359-640e-ae1d47b72bd4" testName="SelectRemoteMachineAsDatabaseLocation" computerName="JOHAN-PC" duration="00:00:04.5483999" startTime="2012-03-04T21:30:27.7359468+01:00" endTime="2012-03-04T21:30:39.1125975+01:00" testType="13cdc9d9-ddb5-4fa4-a97d-d965ccfc6d4b" outcome="Passed" testListId="8c84fa94-04c1-424b-9868-57a2d4851a1d" relativeResultsDirectory="752e4bc8-4b99-433a-99f8-742875f9a11b">
      <Output>
        <StdOut>Given I start up the system for the first time
-&gt; done: InitalSetUpStepDefinitions.GivenIStartUpTheSystemForTheFirstTime() (0,0s)
And the database location is not set
-&gt; done: InitalSetUpStepDefinitions.GivenTheDatabaseLocationIsNotSet() (0,0s)
And the administration password is not set
-&gt; done: InitalSetUpStepDefinitions.GivenTheAdministrationPasswordIsNotSet() (0,0s)
And setup screen i showing
-&gt; done: InitalSetUpStepDefinitions.GivenSetupScreenIShowing() (2,9s)
When I select that my database is on a remote machine. I enter 127.0.0.1 as database location, port 8080 as port
-&gt; done: InitalSetUpStepDefinitions.WhenISelectThatMyDatabaseIsOnARemoteMachine_IEnter127_0_0_1AsDatabaseLocationPort8080AsPort() (0,2s)
And I enter test as administration password
-&gt; done: InitalSetUpStepDefinitions.WhenIEnterTestAsAdministrationPassword() (0,2s)
And I click the save button
-&gt; done: InitalSetUpStepDefinitions.WhenIClickTheSaveButton() (0,2s)
Then the database location i saved as http://127.0.0.1:8080
-&gt; done: InitalSetUpStepDefinitions.ThenTheDatabaseLocationISavedAsHttp127_0_0_18080() (0,0s)
And administration password i saved as test
-&gt; done: InitalSetUpStepDefinitions.ThenAdministrationPasswordISavedAsTest() (0,0s)</StdOut>
      </Output>
    </UnitTestResult>
    <UnitTestResult executionId="cdbb5e0f-b1a0-4fb4-ad99-756d8d7cf414" testId="5abbfa87-d65c-c25d-a8cd-0901fe713af4" testName="EnterSetupInformationCorrect" computerName="JOHAN-PC" duration="00:00:03.0582839" startTime="2012-03-04T21:30:39.1155977+01:00" endTime="2012-03-04T21:30:42.1777728+01:00" testType="13cdc9d9-ddb5-4fa4-a97d-d965ccfc6d4b" outcome="Passed" testListId="8c84fa94-04c1-424b-9868-57a2d4851a1d" relativeResultsDirectory="cdbb5e0f-b1a0-4fb4-ad99-756d8d7cf414">
      <Output>
        <StdOut>Given I start up the system for the first time
-&gt; done: InitalSetUpStepDefinitions.GivenIStartUpTheSystemForTheFirstTime() (0,0s)
And the database location is not set
-&gt; done: InitalSetUpStepDefinitions.GivenTheDatabaseLocationIsNotSet() (0,0s)
And the administration password is not set
-&gt; done: InitalSetUpStepDefinitions.GivenTheAdministrationPasswordIsNotSet() (0,0s)
And setup screen i showing
-&gt; done: InitalSetUpStepDefinitions.GivenSetupScreenIShowing() (1,6s)
When I select the default value local machine as database location, port 8080 as port
-&gt; done: InitalSetUpStepDefinitions.WhenISelectTheDefaultValueLocalMachineAsDatabaseLocationPort8080AsPort() (0,0s)
And I enter test as administration password
-&gt; done: InitalSetUpStepDefinitions.WhenIEnterTestAsAdministrationPassword() (0,2s)
And I click the save button
-&gt; done: InitalSetUpStepDefinitions.WhenIClickTheSaveButton() (0,2s)
Then the database location i saved as http://localhost:8080
-&gt; done: InitalSetUpStepDefinitions.ThenTheDatabaseLocationISavedAsHttpLocalhost8080() (0,0s)
And administration password i saved as test
-&gt; done: InitalSetUpStepDefinitions.ThenAdministrationPasswordISavedAsTest() (0,0s)</StdOut>
      </Output>
    </UnitTestResult>
    <UnitTestResult executionId="d45f6729-df9d-439f-a397-8e26089502e4" testId="607ad56f-0bd1-54e5-69b6-976f368d808a" testName="ShowDatabaseLocationSelectionScreenIfDatabaseLocationIsMissing" computerName="JOHAN-PC" duration="00:00:02.5336662" startTime="2012-03-04T21:30:42.1817730+01:00" endTime="2012-03-04T21:30:44.7349191+01:00" testType="13cdc9d9-ddb5-4fa4-a97d-d965ccfc6d4b" outcome="Passed" testListId="8c84fa94-04c1-424b-9868-57a2d4851a1d" relativeResultsDirectory="d45f6729-df9d-439f-a397-8e26089502e4">
      <Output>
        <StdOut>Given I start up the system for the first time
-&gt; done: InitalSetUpStepDefinitions.GivenIStartUpTheSystemForTheFirstTime() (0,0s)
And the database location is not set
-&gt; done: InitalSetUpStepDefinitions.GivenTheDatabaseLocationIsNotSet() (0,0s)
When I navigate to the default page
-&gt; done: InitalSetUpStepDefinitions.WhenINavigateToTheDefaultPage() (1,5s)
Then I will be asked to enter the location of the database. Either I can select local and port number or a remote url and a port number.
-&gt; done: InitalSetUpStepDefinitions.ThenIWillBeAskedToEnterTheLocationOfTheDatabase_EitherICanSelectLocalAndPortNumberOrARemoteUrlAndAPortNumber_() (0,0s)</StdOut>
      </Output>
    </UnitTestResult>
    <UnitTestResult executionId="0dc714c8-5ce4-4e3b-96e6-77249fafc411" testId="73302206-0dad-245f-b252-a47d9578b55d" testName="WhenAPushTheSaveButtonTheActiveObjectIsSaved" computerName="JOHAN-PC" duration="00:00:00.0832470" startTime="2012-03-04T21:30:44.7379192+01:00" endTime="2012-03-04T21:30:45.1549431+01:00" testType="13cdc9d9-ddb5-4fa4-a97d-d965ccfc6d4b" outcome="Inconclusive" testListId="8c84fa94-04c1-424b-9868-57a2d4851a1d" relativeResultsDirectory="0dc714c8-5ce4-4e3b-96e6-77249fafc411">
      <Output>
        <StdOut>Given I'am loged in to the RapidCase Development Studio
-&gt; No matching step definition found for the step. Use the following code to create one:
    [Binding]
    public class StepDefinitions
    {
        [Given(@"I'am loged in to the RapidCase Development Studio")]
        public void GivenIAmLogedInToTheRapidCaseDevelopmentStudio()
        {
            ScenarioContext.Current.Pending();
        }
    }

And I have made som changes
-&gt; No matching step definition found for the step. Use the following code to create one:
    [Binding]
    public class StepDefinitions
    {
        [Given(@"I have made som changes")]
        public void GivenIHaveMadeSomChanges()
        {
            ScenarioContext.Current.Pending();
        }
    }

When I press the save button
-&gt; No matching step definition found for the step. Use the following code to create one:
    [Binding]
    public class StepDefinitions
    {
        [When(@"I press the save button")]
        public void WhenIPressTheSaveButton()
        {
            ScenarioContext.Current.Pending();
        }
    }

Then my changes is saved to ?
-&gt; No matching step definition found for the step. Use the following code to create one:
    [Binding]
    public class StepDefinitions
    {
        [Then(@"my changes is saved to \?")]
        public void ThenMyChangesIsSavedTo()
        {
            ScenarioContext.Current.Pending();
        }
    }</StdOut>
        <ErrorInfo>
          <Message>Assert.Inconclusive failed. No matching step definition found for one or more steps.
[Binding]
public class StepDefinitions
{
    [Given(@"I have made som changes")]
    public void GivenIHaveMadeSomChanges()
    {
        ScenarioContext.Current.Pending();
    }
    
    [Given(@"I'am loged in to the RapidCase Development Studio")]
    public void GivenIAmLogedInToTheRapidCaseDevelopmentStudio()
    {
        ScenarioContext.Current.Pending();
    }
    
    [Then(@"my changes is saved to \?")]
    public void ThenMyChangesIsSavedTo()
    {
        ScenarioContext.Current.Pending();
    }
    
    [When(@"I press the save button")]
    public void WhenIPressTheSaveButton()
    {
        ScenarioContext.Current.Pending();
    }
}
</Message>
          <StackTrace>   at lambda_method(Closure , String , Object[] )
   at TechTalk.SpecFlow.UnitTestProvider.MsTestRuntimeProvider.TestInconclusive(String message)
   at TechTalk.SpecFlow.UnitTestProvider.MsTestRuntimeProvider.TestPending(String message)
   at TechTalk.SpecFlow.ErrorHandling.ErrorProvider.ThrowPendingError(TestStatus testStatus, String message)
   at TechTalk.SpecFlow.Infrastructure.TestExecutionEngine.OnAfterLastStep()
   at TechTalk.SpecFlow.TestRunner.CollectScenarioErrors()
   at RapidCase.DeveloperStudio.Specifications.BasicFunctions.NewOpenAndSaveFeature.ScenarioCleanup() in C:\Users\Johan\Documents\projects\RapidCase\RapidCase.DeveloperStudio.Specifications\Basic functions\NewOpenSave.feature.cs:line 0
   at RapidCase.DeveloperStudio.Specifications.BasicFunctions.NewOpenAndSaveFeature.WhenAPushTheSaveButtonTheActiveObjectIsSaved() in c:\Users\Johan\Documents\projects\RapidCase\RapidCase.DeveloperStudio.Specifications\Basic functions\NewOpenSave.feature:line 15
</StackTrace>
        </ErrorInfo>
      </Output>
    </UnitTestResult>
    <UnitTestResult executionId="b1bb3b5c-813f-4508-8ae9-aa6b1d261ec1" testId="f534cc6d-ccd7-79c5-9d4a-e36817d3f99a" testName="WhenALogInToTheRapidCaseDevelopmentStudioTheConfigurationIsAutomaticlyLoaded" computerName="JOHAN-PC" duration="00:00:00.0095756" startTime="2012-03-04T21:30:45.1579433+01:00" endTime="2012-03-04T21:30:45.1719441+01:00" testType="13cdc9d9-ddb5-4fa4-a97d-d965ccfc6d4b" outcome="Inconclusive" testListId="8c84fa94-04c1-424b-9868-57a2d4851a1d" relativeResultsDirectory="b1bb3b5c-813f-4508-8ae9-aa6b1d261ec1">
      <Output>
        <StdOut>Given it is not the first time I log in to the RapidCase Development Studio
-&gt; No matching step definition found for the step. Use the following code to create one:
    [Binding]
    public class StepDefinitions
    {
        [Given(@"it is not the first time I log in to the RapidCase Development Studio")]
        public void GivenItIsNotTheFirstTimeILogInToTheRapidCaseDevelopmentStudio()
        {
            ScenarioContext.Current.Pending();
        }
    }

When I do a sussesful log in to the RapidCase Development Studio
-&gt; No matching step definition found for the step. Use the following code to create one:
    [Binding]
    public class StepDefinitions
    {
        [When(@"I do a sussesful log in to the RapidCase Development Studio")]
        public void WhenIDoASussesfulLogInToTheRapidCaseDevelopmentStudio()
        {
            ScenarioContext.Current.Pending();
        }
    }

Then the configuration is loaded from ?
-&gt; No matching step definition found for the step. Use the following code to create one:
    [Binding]
    public class StepDefinitions
    {
        [Then(@"the configuration is loaded from \?")]
        public void ThenTheConfigurationIsLoadedFrom()
        {
            ScenarioContext.Current.Pending();
        }
    }</StdOut>
        <ErrorInfo>
          <Message>Assert.Inconclusive failed. No matching step definition found for one or more steps.
[Binding]
public class StepDefinitions
{
    [Given(@"it is not the first time I log in to the RapidCase Development Studio")]
    public void GivenItIsNotTheFirstTimeILogInToTheRapidCaseDevelopmentStudio()
    {
        ScenarioContext.Current.Pending();
    }
    
    [Then(@"the configuration is loaded from \?")]
    public void ThenTheConfigurationIsLoadedFrom()
    {
        ScenarioContext.Current.Pending();
    }
    
    [When(@"I do a sussesful log in to the RapidCase Development Studio")]
    public void WhenIDoASussesfulLogInToTheRapidCaseDevelopmentStudio()
    {
        ScenarioContext.Current.Pending();
    }
}
</Message>
          <StackTrace>   at lambda_method(Closure , String , Object[] )
   at TechTalk.SpecFlow.UnitTestProvider.MsTestRuntimeProvider.TestInconclusive(String message)
   at TechTalk.SpecFlow.UnitTestProvider.MsTestRuntimeProvider.TestPending(String message)
   at TechTalk.SpecFlow.ErrorHandling.ErrorProvider.ThrowPendingError(TestStatus testStatus, String message)
   at TechTalk.SpecFlow.Infrastructure.TestExecutionEngine.OnAfterLastStep()
   at TechTalk.SpecFlow.TestRunner.CollectScenarioErrors()
   at RapidCase.DeveloperStudio.Specifications.BasicFunctions.NewOpenAndSaveFeature.ScenarioCleanup() in C:\Users\Johan\Documents\projects\RapidCase\RapidCase.DeveloperStudio.Specifications\Basic functions\NewOpenSave.feature.cs:line 0
   at RapidCase.DeveloperStudio.Specifications.BasicFunctions.NewOpenAndSaveFeature.WhenALogInToTheRapidCaseDevelopmentStudioTheConfigurationIsAutomaticlyLoaded() in c:\Users\Johan\Documents\projects\RapidCase\RapidCase.DeveloperStudio.Specifications\Basic functions\NewOpenSave.feature:line 21
</StackTrace>
        </ErrorInfo>
      </Output>
    </UnitTestResult>
    <UnitTestResult executionId="f7e3bdee-bd1d-48f2-96db-4ecfbc737a24" testId="fd5c18a6-5934-b007-aee8-c67ef598ac60" testName="AInitialFileIsLoadedTheFirstTimeIStartTheRapidCaseDevelopmentStudio" computerName="JOHAN-PC" duration="00:00:00.0074625" startTime="2012-03-04T21:30:45.1739442+01:00" endTime="2012-03-04T21:30:45.1869449+01:00" testType="13cdc9d9-ddb5-4fa4-a97d-d965ccfc6d4b" outcome="Inconclusive" testListId="8c84fa94-04c1-424b-9868-57a2d4851a1d" relativeResultsDirectory="f7e3bdee-bd1d-48f2-96db-4ecfbc737a24">
      <Output>
        <StdOut>Given It is the first time I start Developer studio
-&gt; No matching step definition found for the step. Use the following code to create one:
    [Binding]
    public class StepDefinitions
    {
        [Given(@"It is the first time I start Developer studio")]
        public void GivenItIsTheFirstTimeIStartDeveloperStudio()
        {
            ScenarioContext.Current.Pending();
        }
    }

When I log in as Administrator
-&gt; No matching step definition found for the step. Use the following code to create one:
    [Binding]
    public class StepDefinitions
    {
        [When(@"I log in as Administrator")]
        public void WhenILogInAsAdministrator()
        {
            ScenarioContext.Current.Pending();
        }
    }

Then a initial configuration will be loaded in to the RapidCase Development Studio
-&gt; No matching step definition found for the step. Use the following code to create one:
    [Binding]
    public class StepDefinitions
    {
        [Then(@"a initial configuration will be loaded in to the RapidCase Development Studio")]
        public void ThenAInitialConfigurationWillBeLoadedInToTheRapidCaseDevelopmentStudio()
        {
            ScenarioContext.Current.Pending();
        }
    }</StdOut>
        <ErrorInfo>
          <Message>Assert.Inconclusive failed. No matching step definition found for one or more steps.
[Binding]
public class StepDefinitions
{
    [Given(@"It is the first time I start Developer studio")]
    public void GivenItIsTheFirstTimeIStartDeveloperStudio()
    {
        ScenarioContext.Current.Pending();
    }
    
    [Then(@"a initial configuration will be loaded in to the RapidCase Development Studio")]
    public void ThenAInitialConfigurationWillBeLoadedInToTheRapidCaseDevelopmentStudio()
    {
        ScenarioContext.Current.Pending();
    }
    
    [When(@"I log in as Administrator")]
    public void WhenILogInAsAdministrator()
    {
        ScenarioContext.Current.Pending();
    }
}
</Message>
          <StackTrace>   at lambda_method(Closure , String , Object[] )
   at TechTalk.SpecFlow.UnitTestProvider.MsTestRuntimeProvider.TestInconclusive(String message)
   at TechTalk.SpecFlow.UnitTestProvider.MsTestRuntimeProvider.TestPending(String message)
   at TechTalk.SpecFlow.ErrorHandling.ErrorProvider.ThrowPendingError(TestStatus testStatus, String message)
   at TechTalk.SpecFlow.Infrastructure.TestExecutionEngine.OnAfterLastStep()
   at TechTalk.SpecFlow.TestRunner.CollectScenarioErrors()
   at RapidCase.DeveloperStudio.Specifications.BasicFunctions.NewOpenAndSaveFeature.ScenarioCleanup() in C:\Users\Johan\Documents\projects\RapidCase\RapidCase.DeveloperStudio.Specifications\Basic functions\NewOpenSave.feature.cs:line 0
   at RapidCase.DeveloperStudio.Specifications.BasicFunctions.NewOpenAndSaveFeature.AInitialFileIsLoadedTheFirstTimeIStartTheRapidCaseDevelopmentStudio() in c:\Users\Johan\Documents\projects\RapidCase\RapidCase.DeveloperStudio.Specifications\Basic functions\NewOpenSave.feature:line 8
</StackTrace>
        </ErrorInfo>
      </Output>
    </UnitTestResult>
  </Results>
</TestRun>