<?xml version="1.0" encoding="UTF-8"?>
<TestRun id="99808c01-a02a-4d0d-a725-861b68dc9f99" name="Johan@JOHAN-PC 2012-03-04 21:28:33" runUser="Johan-PC\Johan" xmlns="http://microsoft.com/schemas/VisualStudio/TeamTest/2010">
  <TestSettings name="Local" id="39875048-2048-441b-8624-86654f126164">
    <Description>These are default test settings for a local test run.</Description>
    <Deployment enabled="false" runDeploymentRoot="Johan_JOHAN-PC 2012-03-04 21_28_33">
      <DeploymentItem filename="C:\Users\Johan\Documents\projects\RapidCase\packages\Selenium.WebDriver.2.20.0\lib\net40\WebDriver.dll" />
      <DeploymentItem filename="C:\Users\Johan\Documents\projects\RapidCase\packages\SpecFlow.1.8.1\lib\net35\TechTalk.SpecFlow.dll" />
      <DeploymentItem filename="C:\Users\Johan\Documents\projects\RapidCase\RapidCase.Common\bin\Debug\RapidCase.Common.dll" />
      <DeploymentItem filename="C:\Users\Johan\Documents\projects\RapidCase\packages\DotNetZip.1.9.1.8\lib\net20\Ionic.Zip.dll" />
      <DeploymentItem filename="C:\Users\Johan\Documents\projects\RapidCase\packages\Newtonsoft.Json.4.0.6\lib\net40\Newtonsoft.Json.dll" />
    </Deployment>
    <Execution>
      <TestTypeSpecific />
      <AgentRule name="Execution Agents">
      </AgentRule>
    </Execution>
  </TestSettings>
  <Times creation="2012-03-04T21:28:33.5704169+01:00" queuing="2012-03-04T21:28:35.3575191+01:00" start="2012-03-04T21:28:35.5425297+01:00" finish="2012-03-04T21:30:08.8658675+01:00" />
  <ResultSummary outcome="Error">
    <Counters total="6" executed="1" error="0" failed="0" timeout="0" aborted="1" inconclusive="0" passedButRunAborted="0" notRunnable="0" notExecuted="5" disconnected="0" warning="0" passed="0" completed="0" inProgress="0" pending="0" />
    <RunInfos>
      <RunInfo computerName="JOHAN-PC" outcome="Error" timestamp="2012-03-04T21:30:08.8638674+01:00">
        <Text>Test host process exited unexpectedly.</Text>
      </RunInfo>
    </RunInfos>
  </ResultSummary>
  <TestDefinitions>
    <UnitTest name="ShowDatabaseLocationSelectionScreenIfDatabaseLocationIsMissing" storage="c:\users\johan\documents\projects\rapidcase\rapidcase.basicsystem.specifications\bin\debug\rapidcase.basicsystem.specifications.dll" id="607ad56f-0bd1-54e5-69b6-976f368d808a">
      <Description>Show database location selection screen if database location is missing</Description>
      <TestCategory>
        <TestCategoryItem TestCategory="web" />
      </TestCategory>
      <Execution id="a95b8700-7f2e-4777-903f-7015e43ea6c3" />
      <Properties>
        <Property>
          <Key>FeatureTitle</Key>
          <Value>Initial set up</Value>
        </Property>
      </Properties>
      <TestMethod codeBase="C:/Users/Johan/Documents/projects/RapidCase/RapidCase.BasicSystem.Specifications/bin/Debug/RapidCase.BasicSystem.Specifications.DLL" adapterTypeName="Microsoft.VisualStudio.TestTools.TestTypes.Unit.UnitTestAdapter, Microsoft.VisualStudio.QualityTools.Tips.UnitTest.Adapter, Version=10.0.0.0, Culture=neutral, PublicKeyToken=b03f5f7f11d50a3a" className="RapidCase.BasicSystem.Specifications.Setup.InitialSetUpFeature, RapidCase.BasicSystem.Specifications, Version=1.0.0.0, Culture=neutral, PublicKeyToken=null" name="ShowDatabaseLocationSelectionScreenIfDatabaseLocationIsMissing" />
    </UnitTest>
    <UnitTest name="EnterSetupInformationCorrect" storage="c:\users\johan\documents\projects\rapidcase\rapidcase.basicsystem.specifications\bin\debug\rapidcase.basicsystem.specifications.dll" id="5abbfa87-d65c-c25d-a8cd-0901fe713af4">
      <Description>Enter setup information correct</Description>
      <TestCategory>
        <TestCategoryItem TestCategory="web" />
      </TestCategory>
      <Execution id="4354fb24-ba8a-440b-98c2-d952cb1abaed" />
      <Properties>
        <Property>
          <Key>FeatureTitle</Key>
          <Value>Initial set up</Value>
        </Property>
      </Properties>
      <TestMethod codeBase="C:/Users/Johan/Documents/projects/RapidCase/RapidCase.BasicSystem.Specifications/bin/Debug/RapidCase.BasicSystem.Specifications.DLL" adapterTypeName="Microsoft.VisualStudio.TestTools.TestTypes.Unit.UnitTestAdapter, Microsoft.VisualStudio.QualityTools.Tips.UnitTest.Adapter, Version=10.0.0.0, Culture=neutral, PublicKeyToken=b03f5f7f11d50a3a" className="RapidCase.BasicSystem.Specifications.Setup.InitialSetUpFeature, RapidCase.BasicSystem.Specifications, Version=1.0.0.0, Culture=neutral, PublicKeyToken=null" name="EnterSetupInformationCorrect" />
    </UnitTest>
    <UnitTest name="AInitialFileIsLoadedTheFirstTimeIStartTheRapidCaseDevelopmentStudio" storage="c:\users\johan\documents\projects\rapidcase\rapidcase.developerstudio.specifications\bin\debug\rapidcase.developerstudio.specifications.dll" id="fd5c18a6-5934-b007-aee8-c67ef598ac60">
      <Description>A initial file is loaded the first time I start the RapidCase Development Studio</Description>
      <TestCategory>
        <TestCategoryItem TestCategory="web" />
      </TestCategory>
      <Execution id="cdec68ec-ba6e-41ec-a6ec-87e86334ed3f" />
      <Properties>
        <Property>
          <Key>FeatureTitle</Key>
          <Value>New, Open and save</Value>
        </Property>
      </Properties>
      <TestMethod codeBase="C:/Users/Johan/Documents/projects/RapidCase/RapidCase.DeveloperStudio.Specifications/bin/Debug/RapidCase.DeveloperStudio.Specifications.DLL" adapterTypeName="Microsoft.VisualStudio.TestTools.TestTypes.Unit.UnitTestAdapter, Microsoft.VisualStudio.QualityTools.Tips.UnitTest.Adapter, Version=10.0.0.0, Culture=neutral, PublicKeyToken=b03f5f7f11d50a3a" className="RapidCase.DeveloperStudio.Specifications.BasicFunctions.NewOpenAndSaveFeature, RapidCase.DeveloperStudio.Specifications, Version=1.0.0.0, Culture=neutral, PublicKeyToken=null" name="AInitialFileIsLoadedTheFirstTimeIStartTheRapidCaseDevelopmentStudio" />
    </UnitTest>
    <UnitTest name="SelectRemoteMachineAsDatabaseLocation" storage="c:\users\johan\documents\projects\rapidcase\rapidcase.basicsystem.specifications\bin\debug\rapidcase.basicsystem.specifications.dll" id="1cf2fcd1-9bb4-7359-640e-ae1d47b72bd4">
      <Description>Select remote machine as database location</Description>
      <TestCategory>
        <TestCategoryItem TestCategory="web" />
      </TestCategory>
      <Execution id="ef26dd62-dfd4-4b30-b568-97c40e7423d8" />
      <Properties>
        <Property>
          <Key>FeatureTitle</Key>
          <Value>Initial set up</Value>
        </Property>
      </Properties>
      <TestMethod codeBase="C:/Users/Johan/Documents/projects/RapidCase/RapidCase.BasicSystem.Specifications/bin/Debug/RapidCase.BasicSystem.Specifications.DLL" adapterTypeName="Microsoft.VisualStudio.TestTools.TestTypes.Unit.UnitTestAdapter, Microsoft.VisualStudio.QualityTools.Tips.UnitTest.Adapter, Version=10.0.0.0, Culture=neutral, PublicKeyToken=b03f5f7f11d50a3a" className="RapidCase.BasicSystem.Specifications.Setup.InitialSetUpFeature, RapidCase.BasicSystem.Specifications, Version=1.0.0.0, Culture=neutral, PublicKeyToken=null" name="SelectRemoteMachineAsDatabaseLocation" />
    </UnitTest>
    <UnitTest name="WhenALogInToTheRapidCaseDevelopmentStudioTheConfigurationIsAutomaticlyLoaded" storage="c:\users\johan\documents\projects\rapidcase\rapidcase.developerstudio.specifications\bin\debug\rapidcase.developerstudio.specifications.dll" id="f534cc6d-ccd7-79c5-9d4a-e36817d3f99a">
      <Description>When a log in to the RapidCase Development Studio the configuration is automaticly loaded</Description>
      <TestCategory>
        <TestCategoryItem TestCategory="web" />
      </TestCategory>
      <Execution id="2686b95f-f1cf-48d8-ad53-16ffc521185b" />
      <Properties>
        <Property>
          <Key>FeatureTitle</Key>
          <Value>New, Open and save</Value>
        </Property>
      </Properties>
      <TestMethod codeBase="C:/Users/Johan/Documents/projects/RapidCase/RapidCase.DeveloperStudio.Specifications/bin/Debug/RapidCase.DeveloperStudio.Specifications.DLL" adapterTypeName="Microsoft.VisualStudio.TestTools.TestTypes.Unit.UnitTestAdapter, Microsoft.VisualStudio.QualityTools.Tips.UnitTest.Adapter, Version=10.0.0.0, Culture=neutral, PublicKeyToken=b03f5f7f11d50a3a" className="RapidCase.DeveloperStudio.Specifications.BasicFunctions.NewOpenAndSaveFeature, RapidCase.DeveloperStudio.Specifications, Version=1.0.0.0, Culture=neutral, PublicKeyToken=null" name="WhenALogInToTheRapidCaseDevelopmentStudioTheConfigurationIsAutomaticlyLoaded" />
    </UnitTest>
    <UnitTest name="WhenAPushTheSaveButtonTheActiveObjectIsSaved" storage="c:\users\johan\documents\projects\rapidcase\rapidcase.developerstudio.specifications\bin\debug\rapidcase.developerstudio.specifications.dll" id="73302206-0dad-245f-b252-a47d9578b55d">
      <Description>When a push the save button the active object is saved</Description>
      <TestCategory>
        <TestCategoryItem TestCategory="web" />
      </TestCategory>
      <Execution id="520a4115-29d3-460f-86e8-b3b47f8a8452" />
      <Properties>
        <Property>
          <Key>FeatureTitle</Key>
          <Value>New, Open and save</Value>
        </Property>
      </Properties>
      <TestMethod codeBase="C:/Users/Johan/Documents/projects/RapidCase/RapidCase.DeveloperStudio.Specifications/bin/Debug/RapidCase.DeveloperStudio.Specifications.DLL" adapterTypeName="Microsoft.VisualStudio.TestTools.TestTypes.Unit.UnitTestAdapter, Microsoft.VisualStudio.QualityTools.Tips.UnitTest.Adapter, Version=10.0.0.0, Culture=neutral, PublicKeyToken=b03f5f7f11d50a3a" className="RapidCase.DeveloperStudio.Specifications.BasicFunctions.NewOpenAndSaveFeature, RapidCase.DeveloperStudio.Specifications, Version=1.0.0.0, Culture=neutral, PublicKeyToken=null" name="WhenAPushTheSaveButtonTheActiveObjectIsSaved" />
    </UnitTest>
  </TestDefinitions>
  <TestLists>
    <TestList name="Results Not in a List" id="8c84fa94-04c1-424b-9868-57a2d4851a1d" />
    <TestList name="All Loaded Results" id="19431567-8539-422a-85d7-44ee4e166bda" />
  </TestLists>
  <TestEntries>
    <TestEntry testId="1cf2fcd1-9bb4-7359-640e-ae1d47b72bd4" executionId="ef26dd62-dfd4-4b30-b568-97c40e7423d8" testListId="8c84fa94-04c1-424b-9868-57a2d4851a1d" />
    <TestEntry testId="5abbfa87-d65c-c25d-a8cd-0901fe713af4" executionId="4354fb24-ba8a-440b-98c2-d952cb1abaed" testListId="8c84fa94-04c1-424b-9868-57a2d4851a1d" />
    <TestEntry testId="607ad56f-0bd1-54e5-69b6-976f368d808a" executionId="a95b8700-7f2e-4777-903f-7015e43ea6c3" testListId="8c84fa94-04c1-424b-9868-57a2d4851a1d" />
    <TestEntry testId="73302206-0dad-245f-b252-a47d9578b55d" executionId="520a4115-29d3-460f-86e8-b3b47f8a8452" testListId="8c84fa94-04c1-424b-9868-57a2d4851a1d" />
    <TestEntry testId="f534cc6d-ccd7-79c5-9d4a-e36817d3f99a" executionId="2686b95f-f1cf-48d8-ad53-16ffc521185b" testListId="8c84fa94-04c1-424b-9868-57a2d4851a1d" />
    <TestEntry testId="fd5c18a6-5934-b007-aee8-c67ef598ac60" executionId="cdec68ec-ba6e-41ec-a6ec-87e86334ed3f" testListId="8c84fa94-04c1-424b-9868-57a2d4851a1d" />
  </TestEntries>
  <Results>
    <UnitTestResult executionId="ef26dd62-dfd4-4b30-b568-97c40e7423d8" testId="1cf2fcd1-9bb4-7359-640e-ae1d47b72bd4" testName="SelectRemoteMachineAsDatabaseLocation" computerName="JOHAN-PC" duration="00:01:33.1473277" startTime="2012-03-04T21:28:35.7175397+01:00" endTime="2012-03-04T21:30:08.8648674+01:00" testType="13cdc9d9-ddb5-4fa4-a97d-d965ccfc6d4b" outcome="Aborted" testListId="8c84fa94-04c1-424b-9868-57a2d4851a1d" relativeResultsDirectory="ef26dd62-dfd4-4b30-b568-97c40e7423d8">
    </UnitTestResult>
    <UnitTestResult executionId="4354fb24-ba8a-440b-98c2-d952cb1abaed" testId="5abbfa87-d65c-c25d-a8cd-0901fe713af4" testName="EnterSetupInformationCorrect" computerName="JOHAN-PC" testType="13cdc9d9-ddb5-4fa4-a97d-d965ccfc6d4b" outcome="NotExecuted" testListId="8c84fa94-04c1-424b-9868-57a2d4851a1d" relativeResultsDirectory="4354fb24-ba8a-440b-98c2-d952cb1abaed">
    </UnitTestResult>
    <UnitTestResult executionId="a95b8700-7f2e-4777-903f-7015e43ea6c3" testId="607ad56f-0bd1-54e5-69b6-976f368d808a" testName="ShowDatabaseLocationSelectionScreenIfDatabaseLocationIsMissing" computerName="JOHAN-PC" testType="13cdc9d9-ddb5-4fa4-a97d-d965ccfc6d4b" outcome="NotExecuted" testListId="8c84fa94-04c1-424b-9868-57a2d4851a1d" relativeResultsDirectory="a95b8700-7f2e-4777-903f-7015e43ea6c3">
    </UnitTestResult>
    <UnitTestResult executionId="520a4115-29d3-460f-86e8-b3b47f8a8452" testId="73302206-0dad-245f-b252-a47d9578b55d" testName="WhenAPushTheSaveButtonTheActiveObjectIsSaved" computerName="JOHAN-PC" testType="13cdc9d9-ddb5-4fa4-a97d-d965ccfc6d4b" outcome="NotExecuted" testListId="8c84fa94-04c1-424b-9868-57a2d4851a1d" relativeResultsDirectory="520a4115-29d3-460f-86e8-b3b47f8a8452">
    </UnitTestResult>
    <UnitTestResult executionId="2686b95f-f1cf-48d8-ad53-16ffc521185b" testId="f534cc6d-ccd7-79c5-9d4a-e36817d3f99a" testName="WhenALogInToTheRapidCaseDevelopmentStudioTheConfigurationIsAutomaticlyLoaded" computerName="JOHAN-PC" testType="13cdc9d9-ddb5-4fa4-a97d-d965ccfc6d4b" outcome="NotExecuted" testListId="8c84fa94-04c1-424b-9868-57a2d4851a1d" relativeResultsDirectory="2686b95f-f1cf-48d8-ad53-16ffc521185b">
    </UnitTestResult>
    <UnitTestResult executionId="cdec68ec-ba6e-41ec-a6ec-87e86334ed3f" testId="fd5c18a6-5934-b007-aee8-c67ef598ac60" testName="AInitialFileIsLoadedTheFirstTimeIStartTheRapidCaseDevelopmentStudio" computerName="JOHAN-PC" testType="13cdc9d9-ddb5-4fa4-a97d-d965ccfc6d4b" outcome="NotExecuted" testListId="8c84fa94-04c1-424b-9868-57a2d4851a1d" relativeResultsDirectory="cdec68ec-ba6e-41ec-a6ec-87e86334ed3f">
    </UnitTestResult>
  </Results>
</TestRun>