<?xml version="1.0" encoding="UTF-8"?>
<TestRun id="6ad470ce-69c0-4354-a63e-14cc6705885a" name="Johan@JOHAN-PC 2012-03-03 15:33:28" runUser="Johan-PC\Johan" xmlns="http://microsoft.com/schemas/VisualStudio/TeamTest/2010">
  <TestSettings name="Local" id="39875048-2048-441b-8624-86654f126164">
    <Description>These are default test settings for a local test run.</Description>
    <Deployment enabled="false" runDeploymentRoot="Johan_JOHAN-PC 2012-03-03 15_33_28">
      <DeploymentItem filename="C:\Users\Johan\Documents\projects\RapidCase\packages\Selenium.WebDriver.2.20.0\lib\net40\WebDriver.dll" />
      <DeploymentItem filename="C:\Users\Johan\Documents\projects\RapidCase\packages\SpecFlow.1.8.1\lib\net35\TechTalk.SpecFlow.dll" />
      <DeploymentItem filename="C:\Users\Johan\Documents\projects\RapidCase\RapidCase.Common\bin\Debug\RapidCase.Common.dll" />
      <DeploymentItem filename="C:\Users\Johan\Documents\projects\RapidCase\packages\DotNetZip.1.9.1.8\lib\net20\Ionic.Zip.dll" />
      <DeploymentItem filename="C:\Users\Johan\Documents\projects\RapidCase\packages\Newtonsoft.Json.4.0.6\lib\net40\Newtonsoft.Json.dll" />
    </Deployment>
    <Execution>
      <TestTypeSpecific />
      <AgentRule name="Execution Agents">
      </AgentRule>
    </Execution>
  </TestSettings>
  <Times creation="2012-03-03T15:33:28.9254883+01:00" queuing="2012-03-03T15:33:30.6254906+01:00" start="2012-03-03T15:33:30.8454909+01:00" finish="2012-03-03T15:34:06.2835884+01:00" />
  <ResultSummary outcome="Failed">
    <Counters total="8" executed="8" error="0" failed="1" timeout="0" aborted="0" inconclusive="7" passedButRunAborted="0" notRunnable="0" notExecuted="0" disconnected="0" warning="0" passed="0" completed="0" inProgress="0" pending="0" />
  </ResultSummary>
  <TestDefinitions>
    <UnitTest name="EnterANewPasswordForTheAdministrator" storage="c:\users\johan\documents\projects\rapidcase\rapidcase.basicsystem.specifications\bin\debug\rapidcase.basicsystem.specifications.dll" id="95e46ef1-4c35-5064-9623-a0479d1051dc">
      <Description>Enter a new password for the administrator</Description>
      <Execution id="fe577415-6aea-4081-a989-b92f9f982a37" />
      <Properties>
        <Property>
          <Key>FeatureTitle</Key>
          <Value>Initial set up</Value>
        </Property>
      </Properties>
      <TestMethod codeBase="C:/Users/Johan/Documents/projects/RapidCase/RapidCase.BasicSystem.Specifications/bin/Debug/RapidCase.BasicSystem.Specifications.DLL" adapterTypeName="Microsoft.VisualStudio.TestTools.TestTypes.Unit.UnitTestAdapter, Microsoft.VisualStudio.QualityTools.Tips.UnitTest.Adapter, Version=10.0.0.0, Culture=neutral, PublicKeyToken=b03f5f7f11d50a3a" className="RapidCase.BasicSystem.Specifications.SetUp.InitialSetUpFeature, RapidCase.BasicSystem.Specifications, Version=1.0.0.0, Culture=neutral, PublicKeyToken=null" name="EnterANewPasswordForTheAdministrator" />
    </UnitTest>
    <UnitTest name="SelectLocalMachineAsDatabaseLocation" storage="c:\users\johan\documents\projects\rapidcase\rapidcase.basicsystem.specifications\bin\debug\rapidcase.basicsystem.specifications.dll" id="8d4c6df6-5866-db20-1f74-006235607b8a">
      <Description>Select local machine as database location</Description>
      <Execution id="4634c4f9-a47b-4bba-ad57-366ec5fe73db" />
      <Properties>
        <Property>
          <Key>FeatureTitle</Key>
          <Value>Initial set up</Value>
        </Property>
      </Properties>
      <TestMethod codeBase="C:/Users/Johan/Documents/projects/RapidCase/RapidCase.BasicSystem.Specifications/bin/Debug/RapidCase.BasicSystem.Specifications.DLL" adapterTypeName="Microsoft.VisualStudio.TestTools.TestTypes.Unit.UnitTestAdapter, Microsoft.VisualStudio.QualityTools.Tips.UnitTest.Adapter, Version=10.0.0.0, Culture=neutral, PublicKeyToken=b03f5f7f11d50a3a" className="RapidCase.BasicSystem.Specifications.SetUp.InitialSetUpFeature, RapidCase.BasicSystem.Specifications, Version=1.0.0.0, Culture=neutral, PublicKeyToken=null" name="SelectLocalMachineAsDatabaseLocation" />
    </UnitTest>
    <UnitTest name="AInitialFileIsLoadedTheFirstTimeIStartTheRapidCaseDevelopmentStudio" storage="c:\users\johan\documents\projects\rapidcase\rapidcase.developerstudio.specifications\bin\debug\rapidcase.developerstudio.specifications.dll" id="fd5c18a6-5934-b007-aee8-c67ef598ac60">
      <Description>A initial file is loaded the first time I start the RapidCase Development Studio</Description>
      <TestCategory>
        <TestCategoryItem TestCategory="web" />
      </TestCategory>
      <Execution id="c228acab-c32c-4a7f-980e-77c60fd2a0d0" />
      <Properties>
        <Property>
          <Key>FeatureTitle</Key>
          <Value>New, Open and save</Value>
        </Property>
      </Properties>
      <TestMethod codeBase="C:/Users/Johan/Documents/projects/RapidCase/RapidCase.DeveloperStudio.Specifications/bin/Debug/RapidCase.DeveloperStudio.Specifications.DLL" adapterTypeName="Microsoft.VisualStudio.TestTools.TestTypes.Unit.UnitTestAdapter, Microsoft.VisualStudio.QualityTools.Tips.UnitTest.Adapter, Version=10.0.0.0, Culture=neutral, PublicKeyToken=b03f5f7f11d50a3a" className="RapidCase.DeveloperStudio.Specifications.BasicFunctions.NewOpenAndSaveFeature, RapidCase.DeveloperStudio.Specifications, Version=1.0.0.0, Culture=neutral, PublicKeyToken=null" name="AInitialFileIsLoadedTheFirstTimeIStartTheRapidCaseDevelopmentStudio" />
    </UnitTest>
    <UnitTest name="SelectRemoteMachineAsDatabaseLocation" storage="c:\users\johan\documents\projects\rapidcase\rapidcase.basicsystem.specifications\bin\debug\rapidcase.basicsystem.specifications.dll" id="74de5755-d905-bcb7-16cf-e2c5b89adbd1">
      <Description>Select remote machine as database location</Description>
      <Execution id="a0fc155a-3a5b-4934-b984-7bc684b02de0" />
      <Properties>
        <Property>
          <Key>FeatureTitle</Key>
          <Value>Initial set up</Value>
        </Property>
      </Properties>
      <TestMethod codeBase="C:/Users/Johan/Documents/projects/RapidCase/RapidCase.BasicSystem.Specifications/bin/Debug/RapidCase.BasicSystem.Specifications.DLL" adapterTypeName="Microsoft.VisualStudio.TestTools.TestTypes.Unit.UnitTestAdapter, Microsoft.VisualStudio.QualityTools.Tips.UnitTest.Adapter, Version=10.0.0.0, Culture=neutral, PublicKeyToken=b03f5f7f11d50a3a" className="RapidCase.BasicSystem.Specifications.SetUp.InitialSetUpFeature, RapidCase.BasicSystem.Specifications, Version=1.0.0.0, Culture=neutral, PublicKeyToken=null" name="SelectRemoteMachineAsDatabaseLocation" />
    </UnitTest>
    <UnitTest name="WhenALogInToTheRapidCaseDevelopmentStudioTheConfigurationIsAutomaticlyLoaded" storage="c:\users\johan\documents\projects\rapidcase\rapidcase.developerstudio.specifications\bin\debug\rapidcase.developerstudio.specifications.dll" id="f534cc6d-ccd7-79c5-9d4a-e36817d3f99a">
      <Description>When a log in to the RapidCase Development Studio the configuration is automaticly loaded</Description>
      <TestCategory>
        <TestCategoryItem TestCategory="web" />
      </TestCategory>
      <Execution id="a9efb64a-6fbc-4ff1-a3b2-28cb2de07f41" />
      <Properties>
        <Property>
          <Key>FeatureTitle</Key>
          <Value>New, Open and save</Value>
        </Property>
      </Properties>
      <TestMethod codeBase="C:/Users/Johan/Documents/projects/RapidCase/RapidCase.DeveloperStudio.Specifications/bin/Debug/RapidCase.DeveloperStudio.Specifications.DLL" adapterTypeName="Microsoft.VisualStudio.TestTools.TestTypes.Unit.UnitTestAdapter, Microsoft.VisualStudio.QualityTools.Tips.UnitTest.Adapter, Version=10.0.0.0, Culture=neutral, PublicKeyToken=b03f5f7f11d50a3a" className="RapidCase.DeveloperStudio.Specifications.BasicFunctions.NewOpenAndSaveFeature, RapidCase.DeveloperStudio.Specifications, Version=1.0.0.0, Culture=neutral, PublicKeyToken=null" name="WhenALogInToTheRapidCaseDevelopmentStudioTheConfigurationIsAutomaticlyLoaded" />
    </UnitTest>
    <UnitTest name="WhenAPushTheSaveButtonTheActiveObjectIsSaved" storage="c:\users\johan\documents\projects\rapidcase\rapidcase.developerstudio.specifications\bin\debug\rapidcase.developerstudio.specifications.dll" id="73302206-0dad-245f-b252-a47d9578b55d">
      <Description>When a push the save button the active object is saved</Description>
      <TestCategory>
        <TestCategoryItem TestCategory="web" />
      </TestCategory>
      <Execution id="74c3ffe2-446e-44d6-a39d-363a29d09994" />
      <Properties>
        <Property>
          <Key>FeatureTitle</Key>
          <Value>New, Open and save</Value>
        </Property>
      </Properties>
      <TestMethod codeBase="C:/Users/Johan/Documents/projects/RapidCase/RapidCase.DeveloperStudio.Specifications/bin/Debug/RapidCase.DeveloperStudio.Specifications.DLL" adapterTypeName="Microsoft.VisualStudio.TestTools.TestTypes.Unit.UnitTestAdapter, Microsoft.VisualStudio.QualityTools.Tips.UnitTest.Adapter, Version=10.0.0.0, Culture=neutral, PublicKeyToken=b03f5f7f11d50a3a" className="RapidCase.DeveloperStudio.Specifications.BasicFunctions.NewOpenAndSaveFeature, RapidCase.DeveloperStudio.Specifications, Version=1.0.0.0, Culture=neutral, PublicKeyToken=null" name="WhenAPushTheSaveButtonTheActiveObjectIsSaved" />
    </UnitTest>
    <UnitTest name="ShowDatabaseLocationSelectionScreenIfDatabaseLocationIsMissing" storage="c:\users\johan\documents\projects\rapidcase\rapidcase.basicsystem.specifications\bin\debug\rapidcase.basicsystem.specifications.dll" id="aeb86a68-2854-fb20-7a92-364d8b8d2c93">
      <Description>Show database location selection screen if database location is missing</Description>
      <Execution id="381ceca7-61cd-4a06-92f2-ae8956fb8d4a" />
      <Properties>
        <Property>
          <Key>FeatureTitle</Key>
          <Value>Initial set up</Value>
        </Property>
      </Properties>
      <TestMethod codeBase="C:/Users/Johan/Documents/projects/RapidCase/RapidCase.BasicSystem.Specifications/bin/Debug/RapidCase.BasicSystem.Specifications.DLL" adapterTypeName="Microsoft.VisualStudio.TestTools.TestTypes.Unit.UnitTestAdapter, Microsoft.VisualStudio.QualityTools.Tips.UnitTest.Adapter, Version=10.0.0.0, Culture=neutral, PublicKeyToken=b03f5f7f11d50a3a" className="RapidCase.BasicSystem.Specifications.SetUp.InitialSetUpFeature, RapidCase.BasicSystem.Specifications, Version=1.0.0.0, Culture=neutral, PublicKeyToken=null" name="ShowDatabaseLocationSelectionScreenIfDatabaseLocationIsMissing" />
    </UnitTest>
    <UnitTest name="RequestPasswordForAdministratorIfItDoNotExist" storage="c:\users\johan\documents\projects\rapidcase\rapidcase.basicsystem.specifications\bin\debug\rapidcase.basicsystem.specifications.dll" id="2e679938-1445-30bd-4d11-d6ed4fcccdf7">
      <Description>Request password for administrator if it do not exist</Description>
      <Execution id="7e5f0b58-d420-43a1-8e9d-e387a290f6dd" />
      <Properties>
        <Property>
          <Key>FeatureTitle</Key>
          <Value>Initial set up</Value>
        </Property>
      </Properties>
      <TestMethod codeBase="C:/Users/Johan/Documents/projects/RapidCase/RapidCase.BasicSystem.Specifications/bin/Debug/RapidCase.BasicSystem.Specifications.DLL" adapterTypeName="Microsoft.VisualStudio.TestTools.TestTypes.Unit.UnitTestAdapter, Microsoft.VisualStudio.QualityTools.Tips.UnitTest.Adapter, Version=10.0.0.0, Culture=neutral, PublicKeyToken=b03f5f7f11d50a3a" className="RapidCase.BasicSystem.Specifications.SetUp.InitialSetUpFeature, RapidCase.BasicSystem.Specifications, Version=1.0.0.0, Culture=neutral, PublicKeyToken=null" name="RequestPasswordForAdministratorIfItDoNotExist" />
    </UnitTest>
  </TestDefinitions>
  <TestLists>
    <TestList name="Results Not in a List" id="8c84fa94-04c1-424b-9868-57a2d4851a1d" />
    <TestList name="All Loaded Results" id="19431567-8539-422a-85d7-44ee4e166bda" />
  </TestLists>
  <TestEntries>
    <TestEntry testId="2e679938-1445-30bd-4d11-d6ed4fcccdf7" executionId="7e5f0b58-d420-43a1-8e9d-e387a290f6dd" testListId="8c84fa94-04c1-424b-9868-57a2d4851a1d" />
    <TestEntry testId="73302206-0dad-245f-b252-a47d9578b55d" executionId="74c3ffe2-446e-44d6-a39d-363a29d09994" testListId="8c84fa94-04c1-424b-9868-57a2d4851a1d" />
    <TestEntry testId="74de5755-d905-bcb7-16cf-e2c5b89adbd1" executionId="a0fc155a-3a5b-4934-b984-7bc684b02de0" testListId="8c84fa94-04c1-424b-9868-57a2d4851a1d" />
    <TestEntry testId="8d4c6df6-5866-db20-1f74-006235607b8a" executionId="4634c4f9-a47b-4bba-ad57-366ec5fe73db" testListId="8c84fa94-04c1-424b-9868-57a2d4851a1d" />
    <TestEntry testId="95e46ef1-4c35-5064-9623-a0479d1051dc" executionId="fe577415-6aea-4081-a989-b92f9f982a37" testListId="8c84fa94-04c1-424b-9868-57a2d4851a1d" />
    <TestEntry testId="aeb86a68-2854-fb20-7a92-364d8b8d2c93" executionId="381ceca7-61cd-4a06-92f2-ae8956fb8d4a" testListId="8c84fa94-04c1-424b-9868-57a2d4851a1d" />
    <TestEntry testId="f534cc6d-ccd7-79c5-9d4a-e36817d3f99a" executionId="a9efb64a-6fbc-4ff1-a3b2-28cb2de07f41" testListId="8c84fa94-04c1-424b-9868-57a2d4851a1d" />
    <TestEntry testId="fd5c18a6-5934-b007-aee8-c67ef598ac60" executionId="c228acab-c32c-4a7f-980e-77c60fd2a0d0" testListId="8c84fa94-04c1-424b-9868-57a2d4851a1d" />
  </TestEntries>
  <Results>
    <UnitTestResult executionId="7e5f0b58-d420-43a1-8e9d-e387a290f6dd" testId="2e679938-1445-30bd-4d11-d6ed4fcccdf7" testName="RequestPasswordForAdministratorIfItDoNotExist" computerName="JOHAN-PC" duration="00:00:15.2457524" startTime="2012-03-03T15:33:31.0554912+01:00" endTime="2012-03-03T15:33:49.7465175+01:00" testType="13cdc9d9-ddb5-4fa4-a97d-d965ccfc6d4b" outcome="Inconclusive" testListId="8c84fa94-04c1-424b-9868-57a2d4851a1d" relativeResultsDirectory="7e5f0b58-d420-43a1-8e9d-e387a290f6dd">
      <Output>
        <StdOut>Given Administrator do not have a password
-&gt; No matching step definition found for the step. Use the following code to create one:
    [Binding]
    public class StepDefinitions
    {
        [Given(@"Administrator do not have a password")]
        public void GivenAdministratorDoNotHaveAPassword()
        {
            ScenarioContext.Current.Pending();
        }
    }

When I navigate to the default page
-&gt; skipped because of previous errors
Then I be shown a password field to enter a new password and a button to submit it
-&gt; No matching step definition found for the step. Use the following code to create one:
    [Binding]
    public class StepDefinitions
    {
        [Then(@"I be shown a password field to enter a new password and a button to submit it")]
        public void ThenIBeShownAPasswordFieldToEnterANewPasswordAndAButtonToSubmitIt()
        {
            ScenarioContext.Current.Pending();
        }
    }</StdOut>
        <ErrorInfo>
          <Message>Assert.Inconclusive failed. No matching step definition found for one or more steps.
[Binding]
public class StepDefinitions
{
    [Given(@"Administrator do not have a password")]
    public void GivenAdministratorDoNotHaveAPassword()
    {
        ScenarioContext.Current.Pending();
    }
    
    [Then(@"I be shown a password field to enter a new password and a button to submit it")]
    public void ThenIBeShownAPasswordFieldToEnterANewPasswordAndAButtonToSubmitIt()
    {
        ScenarioContext.Current.Pending();
    }
}
</Message>
          <StackTrace>   at lambda_method(Closure , String , Object[] )
   at TechTalk.SpecFlow.UnitTestProvider.MsTestRuntimeProvider.TestInconclusive(String message)
   at TechTalk.SpecFlow.UnitTestProvider.MsTestRuntimeProvider.TestPending(String message)
   at TechTalk.SpecFlow.ErrorHandling.ErrorProvider.ThrowPendingError(TestStatus testStatus, String message)
   at TechTalk.SpecFlow.Infrastructure.TestExecutionEngine.OnAfterLastStep()
   at TechTalk.SpecFlow.TestRunner.CollectScenarioErrors()
   at RapidCase.BasicSystem.Specifications.SetUp.InitialSetUpFeature.ScenarioCleanup() in C:\Users\Johan\Documents\projects\RapidCase\RapidCase.BasicSystem.Specifications\SetUp\InitalSetUp.feature.cs:line 0
   at RapidCase.BasicSystem.Specifications.SetUp.InitialSetUpFeature.RequestPasswordForAdministratorIfItDoNotExist() in c:\Users\Johan\Documents\projects\RapidCase\RapidCase.BasicSystem.Specifications\SetUp\InitalSetUp.feature:line 25
</StackTrace>
        </ErrorInfo>
      </Output>
    </UnitTestResult>
    <UnitTestResult executionId="74c3ffe2-446e-44d6-a39d-363a29d09994" testId="73302206-0dad-245f-b252-a47d9578b55d" testName="WhenAPushTheSaveButtonTheActiveObjectIsSaved" computerName="JOHAN-PC" duration="00:00:02.6074850" startTime="2012-03-03T15:33:49.7565175+01:00" endTime="2012-03-03T15:33:54.5135720+01:00" testType="13cdc9d9-ddb5-4fa4-a97d-d965ccfc6d4b" outcome="Inconclusive" testListId="8c84fa94-04c1-424b-9868-57a2d4851a1d" relativeResultsDirectory="74c3ffe2-446e-44d6-a39d-363a29d09994">
      <Output>
        <StdOut>Given I'am loged in to the RapidCase Development Studio
-&gt; No matching step definition found for the step. Use the following code to create one:
    [Binding]
    public class StepDefinitions
    {
        [Given(@"I'am loged in to the RapidCase Development Studio")]
        public void GivenIAmLogedInToTheRapidCaseDevelopmentStudio()
        {
            ScenarioContext.Current.Pending();
        }
    }

And I have made som changes
-&gt; No matching step definition found for the step. Use the following code to create one:
    [Binding]
    public class StepDefinitions
    {
        [Given(@"I have made som changes")]
        public void GivenIHaveMadeSomChanges()
        {
            ScenarioContext.Current.Pending();
        }
    }

When I press the save button
-&gt; No matching step definition found for the step. Use the following code to create one:
    [Binding]
    public class StepDefinitions
    {
        [When(@"I press the save button")]
        public void WhenIPressTheSaveButton()
        {
            ScenarioContext.Current.Pending();
        }
    }

Then my changes is saved to ?
-&gt; No matching step definition found for the step. Use the following code to create one:
    [Binding]
    public class StepDefinitions
    {
        [Then(@"my changes is saved to \?")]
        public void ThenMyChangesIsSavedTo()
        {
            ScenarioContext.Current.Pending();
        }
    }</StdOut>
        <ErrorInfo>
          <Message>Assert.Inconclusive failed. No matching step definition found for one or more steps.
[Binding]
public class StepDefinitions
{
    [Given(@"I have made som changes")]
    public void GivenIHaveMadeSomChanges()
    {
        ScenarioContext.Current.Pending();
    }
    
    [Given(@"I'am loged in to the RapidCase Development Studio")]
    public void GivenIAmLogedInToTheRapidCaseDevelopmentStudio()
    {
        ScenarioContext.Current.Pending();
    }
    
    [Then(@"my changes is saved to \?")]
    public void ThenMyChangesIsSavedTo()
    {
        ScenarioContext.Current.Pending();
    }
    
    [When(@"I press the save button")]
    public void WhenIPressTheSaveButton()
    {
        ScenarioContext.Current.Pending();
    }
}
</Message>
          <StackTrace>   at lambda_method(Closure , String , Object[] )
   at TechTalk.SpecFlow.UnitTestProvider.MsTestRuntimeProvider.TestInconclusive(String message)
   at TechTalk.SpecFlow.UnitTestProvider.MsTestRuntimeProvider.TestPending(String message)
   at TechTalk.SpecFlow.ErrorHandling.ErrorProvider.ThrowPendingError(TestStatus testStatus, String message)
   at TechTalk.SpecFlow.Infrastructure.TestExecutionEngine.OnAfterLastStep()
   at TechTalk.SpecFlow.TestRunner.CollectScenarioErrors()
   at RapidCase.DeveloperStudio.Specifications.BasicFunctions.NewOpenAndSaveFeature.ScenarioCleanup() in C:\Users\Johan\Documents\projects\RapidCase\RapidCase.DeveloperStudio.Specifications\Basic functions\NewOpenSave.feature.cs:line 0
   at RapidCase.DeveloperStudio.Specifications.BasicFunctions.NewOpenAndSaveFeature.WhenAPushTheSaveButtonTheActiveObjectIsSaved() in c:\Users\Johan\Documents\projects\RapidCase\RapidCase.DeveloperStudio.Specifications\Basic functions\NewOpenSave.feature:line 15
</StackTrace>
        </ErrorInfo>
      </Output>
    </UnitTestResult>
    <UnitTestResult executionId="a0fc155a-3a5b-4934-b984-7bc684b02de0" testId="74de5755-d905-bcb7-16cf-e2c5b89adbd1" testName="SelectRemoteMachineAsDatabaseLocation" computerName="JOHAN-PC" duration="00:00:01.2322242" startTime="2012-03-03T15:33:54.5235720+01:00" endTime="2012-03-03T15:33:55.7635737+01:00" testType="13cdc9d9-ddb5-4fa4-a97d-d965ccfc6d4b" outcome="Inconclusive" testListId="8c84fa94-04c1-424b-9868-57a2d4851a1d" relativeResultsDirectory="a0fc155a-3a5b-4934-b984-7bc684b02de0">
      <Output>
        <StdOut>Given I start up the system for the first time
-&gt; done: InitalSetUpStepDefinitions.GivenIStartUpTheSystemForTheFirstTime() (0,0s)
And database location selection screen i showing
-&gt; No matching step definition found for the step. Use the following code to create one:
    [Binding]
    public class StepDefinitions
    {
        [Given(@"database location selection screen i showing")]
        public void GivenDatabaseLocationSelectionScreenIShowing()
        {
            ScenarioContext.Current.Pending();
        }
    }

When I select that my database is on a remote machine. I enter 127.0.0.1 as database location, port 8080 as port and clicked save button
-&gt; No matching step definition found for the step. Use the following code to create one:
    [Binding]
    public class StepDefinitions
    {
        [When(@"I select that my database is on a remote machine\. I enter 127\.0\.0\.1 as database location, port 8080 as port and clicked save button")]
        public void WhenISelectThatMyDatabaseIsOnARemoteMachine_IEnter127_0_0_1AsDatabaseLocationPort8080AsPortAndClickedSaveButton()
        {
            ScenarioContext.Current.Pending();
        }
    }

Then the database location i saved as http://127.0.0.1:8080
-&gt; No matching step definition found for the step. Use the following code to create one:
    [Binding]
    public class StepDefinitions
    {
        [Then(@"the database location i saved as http://127\.0\.0\.1:8080")]
        public void ThenTheDatabaseLocationISavedAsHttp127_0_0_18080()
        {
            ScenarioContext.Current.Pending();
        }
    }</StdOut>
        <ErrorInfo>
          <Message>Assert.Inconclusive failed. No matching step definition found for one or more steps.
[Binding]
public class StepDefinitions
{
    [Given(@"database location selection screen i showing")]
    public void GivenDatabaseLocationSelectionScreenIShowing()
    {
        ScenarioContext.Current.Pending();
    }
    
    [Then(@"the database location i saved as http://127\.0\.0\.1:8080")]
    public void ThenTheDatabaseLocationISavedAsHttp127_0_0_18080()
    {
        ScenarioContext.Current.Pending();
    }
    
    [When(@"I select that my database is on a remote machine\. I enter 127\.0\.0\.1 as database location, port 8080 as port and clicked save button")]
    public void WhenISelectThatMyDatabaseIsOnARemoteMachine_IEnter127_0_0_1AsDatabaseLocationPort8080AsPortAndClickedSaveButton()
    {
        ScenarioContext.Current.Pending();
    }
}
</Message>
          <StackTrace>   at lambda_method(Closure , String , Object[] )
   at TechTalk.SpecFlow.UnitTestProvider.MsTestRuntimeProvider.TestInconclusive(String message)
   at TechTalk.SpecFlow.UnitTestProvider.MsTestRuntimeProvider.TestPending(String message)
   at TechTalk.SpecFlow.ErrorHandling.ErrorProvider.ThrowPendingError(TestStatus testStatus, String message)
   at TechTalk.SpecFlow.Infrastructure.TestExecutionEngine.OnAfterLastStep()
   at TechTalk.SpecFlow.TestRunner.CollectScenarioErrors()
   at RapidCase.BasicSystem.Specifications.SetUp.InitialSetUpFeature.ScenarioCleanup() in C:\Users\Johan\Documents\projects\RapidCase\RapidCase.BasicSystem.Specifications\SetUp\InitalSetUp.feature.cs:line 0
   at RapidCase.BasicSystem.Specifications.SetUp.InitialSetUpFeature.SelectRemoteMachineAsDatabaseLocation() in c:\Users\Johan\Documents\projects\RapidCase\RapidCase.BasicSystem.Specifications\SetUp\InitalSetUp.feature:line 20
</StackTrace>
        </ErrorInfo>
      </Output>
    </UnitTestResult>
    <UnitTestResult executionId="4634c4f9-a47b-4bba-ad57-366ec5fe73db" testId="8d4c6df6-5866-db20-1f74-006235607b8a" testName="SelectLocalMachineAsDatabaseLocation" computerName="JOHAN-PC" duration="00:00:00.8757174" startTime="2012-03-03T15:33:55.7835737+01:00" endTime="2012-03-03T15:33:56.6635750+01:00" testType="13cdc9d9-ddb5-4fa4-a97d-d965ccfc6d4b" outcome="Inconclusive" testListId="8c84fa94-04c1-424b-9868-57a2d4851a1d" relativeResultsDirectory="4634c4f9-a47b-4bba-ad57-366ec5fe73db">
      <Output>
        <StdOut>Given I start up the system for the first time
-&gt; done: InitalSetUpStepDefinitions.GivenIStartUpTheSystemForTheFirstTime() (0,0s)
And database location selection screen i showing
-&gt; No matching step definition found for the step. Use the following code to create one:
    [Binding]
    public class StepDefinitions
    {
        [Given(@"database location selection screen i showing")]
        public void GivenDatabaseLocationSelectionScreenIShowing()
        {
            ScenarioContext.Current.Pending();
        }
    }

When I select local machine as database location, port 8080 as port and clicked save button
-&gt; No matching step definition found for the step. Use the following code to create one:
    [Binding]
    public class StepDefinitions
    {
        [When(@"I select local machine as database location, port 8080 as port and clicked save button")]
        public void WhenISelectLocalMachineAsDatabaseLocationPort8080AsPortAndClickedSaveButton()
        {
            ScenarioContext.Current.Pending();
        }
    }

Then the database location i saved as http://localhost:8080
-&gt; No matching step definition found for the step. Use the following code to create one:
    [Binding]
    public class StepDefinitions
    {
        [Then(@"the database location i saved as http://localhost:8080")]
        public void ThenTheDatabaseLocationISavedAsHttpLocalhost8080()
        {
            ScenarioContext.Current.Pending();
        }
    }</StdOut>
        <ErrorInfo>
          <Message>Assert.Inconclusive failed. No matching step definition found for one or more steps.
[Binding]
public class StepDefinitions
{
    [Given(@"database location selection screen i showing")]
    public void GivenDatabaseLocationSelectionScreenIShowing()
    {
        ScenarioContext.Current.Pending();
    }
    
    [Then(@"the database location i saved as http://localhost:8080")]
    public void ThenTheDatabaseLocationISavedAsHttpLocalhost8080()
    {
        ScenarioContext.Current.Pending();
    }
    
    [When(@"I select local machine as database location, port 8080 as port and clicked save button")]
    public void WhenISelectLocalMachineAsDatabaseLocationPort8080AsPortAndClickedSaveButton()
    {
        ScenarioContext.Current.Pending();
    }
}
</Message>
          <StackTrace>   at lambda_method(Closure , String , Object[] )
   at TechTalk.SpecFlow.UnitTestProvider.MsTestRuntimeProvider.TestInconclusive(String message)
   at TechTalk.SpecFlow.UnitTestProvider.MsTestRuntimeProvider.TestPending(String message)
   at TechTalk.SpecFlow.ErrorHandling.ErrorProvider.ThrowPendingError(TestStatus testStatus, String message)
   at TechTalk.SpecFlow.Infrastructure.TestExecutionEngine.OnAfterLastStep()
   at TechTalk.SpecFlow.TestRunner.CollectScenarioErrors()
   at RapidCase.BasicSystem.Specifications.SetUp.InitialSetUpFeature.ScenarioCleanup() in C:\Users\Johan\Documents\projects\RapidCase\RapidCase.BasicSystem.Specifications\SetUp\InitalSetUp.feature.cs:line 0
   at RapidCase.BasicSystem.Specifications.SetUp.InitialSetUpFeature.SelectLocalMachineAsDatabaseLocation() in c:\Users\Johan\Documents\projects\RapidCase\RapidCase.BasicSystem.Specifications\SetUp\InitalSetUp.feature:line 14
</StackTrace>
        </ErrorInfo>
      </Output>
    </UnitTestResult>
    <UnitTestResult executionId="fe577415-6aea-4081-a989-b92f9f982a37" testId="95e46ef1-4c35-5064-9623-a0479d1051dc" testName="EnterANewPasswordForTheAdministrator" computerName="JOHAN-PC" duration="00:00:01.2226750" startTime="2012-03-03T15:33:56.6735750+01:00" endTime="2012-03-03T15:33:57.9035767+01:00" testType="13cdc9d9-ddb5-4fa4-a97d-d965ccfc6d4b" outcome="Inconclusive" testListId="8c84fa94-04c1-424b-9868-57a2d4851a1d" relativeResultsDirectory="fe577415-6aea-4081-a989-b92f9f982a37">
      <Output>
        <StdOut>Given Administrator do not have a password
-&gt; No matching step definition found for the step. Use the following code to create one:
    [Binding]
    public class StepDefinitions
    {
        [Given(@"Administrator do not have a password")]
        public void GivenAdministratorDoNotHaveAPassword()
        {
            ScenarioContext.Current.Pending();
        }
    }

And I have navigated to the default page
-&gt; No matching step definition found for the step. Use the following code to create one:
    [Binding]
    public class StepDefinitions
    {
        [Given(@"I have navigated to the default page")]
        public void GivenIHaveNavigatedToTheDefaultPage()
        {
            ScenarioContext.Current.Pending();
        }
    }

And I am requested to enter a password for the administrator
-&gt; No matching step definition found for the step. Use the following code to create one:
    [Binding]
    public class StepDefinitions
    {
        [Given(@"I am requested to enter a password for the administrator")]
        public void GivenIAmRequestedToEnterAPasswordForTheAdministrator()
        {
            ScenarioContext.Current.Pending();
        }
    }

When I enter test123 as password and click the submit button
-&gt; No matching step definition found for the step. Use the following code to create one:
    [Binding]
    public class StepDefinitions
    {
        [When(@"I enter test123 as password and click the submit button")]
        public void WhenIEnterTest123AsPasswordAndClickTheSubmitButton()
        {
            ScenarioContext.Current.Pending();
        }
    }

Then test123 will be saved as the password for the administrator and navigated to RapidCase Development Studio
-&gt; No matching step definition found for the step. Use the following code to create one:
    [Binding]
    public class StepDefinitions
    {
        [Then(@"test123 will be saved as the password for the administrator and navigated to RapidCase Development Studio")]
        public void ThenTest123WillBeSavedAsThePasswordForTheAdministratorAndNavigatedToRapidCaseDevelopmentStudio()
        {
            ScenarioContext.Current.Pending();
        }
    }</StdOut>
        <ErrorInfo>
          <Message>Assert.Inconclusive failed. No matching step definition found for one or more steps.
[Binding]
public class StepDefinitions
{
    [Given(@"Administrator do not have a password")]
    public void GivenAdministratorDoNotHaveAPassword()
    {
        ScenarioContext.Current.Pending();
    }
    
    [Given(@"I am requested to enter a password for the administrator")]
    public void GivenIAmRequestedToEnterAPasswordForTheAdministrator()
    {
        ScenarioContext.Current.Pending();
    }
    
    [Given(@"I have navigated to the default page")]
    public void GivenIHaveNavigatedToTheDefaultPage()
    {
        ScenarioContext.Current.Pending();
    }
    
    [Then(@"test123 will be saved as the password for the administrator and navigated to RapidCase Development Studio")]
    public void ThenTest123WillBeSavedAsThePasswordForTheAdministratorAndNavigatedToRapidCaseDevelopmentStudio()
    {
        ScenarioContext.Current.Pending();
    }
    
    [When(@"I enter test123 as password and click the submit button")]
    public void WhenIEnterTest123AsPasswordAndClickTheSubmitButton()
    {
        ScenarioContext.Current.Pending();
    }
}
</Message>
          <StackTrace>   at lambda_method(Closure , String , Object[] )
   at TechTalk.SpecFlow.UnitTestProvider.MsTestRuntimeProvider.TestInconclusive(String message)
   at TechTalk.SpecFlow.UnitTestProvider.MsTestRuntimeProvider.TestPending(String message)
   at TechTalk.SpecFlow.ErrorHandling.ErrorProvider.ThrowPendingError(TestStatus testStatus, String message)
   at TechTalk.SpecFlow.Infrastructure.TestExecutionEngine.OnAfterLastStep()
   at TechTalk.SpecFlow.TestRunner.CollectScenarioErrors()
   at RapidCase.BasicSystem.Specifications.SetUp.InitialSetUpFeature.ScenarioCleanup() in C:\Users\Johan\Documents\projects\RapidCase\RapidCase.BasicSystem.Specifications\SetUp\InitalSetUp.feature.cs:line 0
   at RapidCase.BasicSystem.Specifications.SetUp.InitialSetUpFeature.EnterANewPasswordForTheAdministrator() in c:\Users\Johan\Documents\projects\RapidCase\RapidCase.BasicSystem.Specifications\SetUp\InitalSetUp.feature:line 32
</StackTrace>
        </ErrorInfo>
      </Output>
    </UnitTestResult>
    <UnitTestResult executionId="381ceca7-61cd-4a06-92f2-ae8956fb8d4a" testId="aeb86a68-2854-fb20-7a92-364d8b8d2c93" testName="ShowDatabaseLocationSelectionScreenIfDatabaseLocationIsMissing" computerName="JOHAN-PC" duration="00:00:05.0243968" startTime="2012-03-03T15:33:57.9135767+01:00" endTime="2012-03-03T15:34:02.9435838+01:00" testType="13cdc9d9-ddb5-4fa4-a97d-d965ccfc6d4b" outcome="Failed" testListId="8c84fa94-04c1-424b-9868-57a2d4851a1d" relativeResultsDirectory="381ceca7-61cd-4a06-92f2-ae8956fb8d4a">
      <Output>
        <StdOut>Given I start up the system for the first time
-&gt; done: InitalSetUpStepDefinitions.GivenIStartUpTheSystemForTheFirstTime() (0,0s)
And the database location is not set
-&gt; done: InitalSetUpStepDefinitions.GivenTheDatabaseLocationIsNotSet() (0,0s)
When I navigate to the default page
-&gt; error: Could not load file or assembly 'WebDriver, Version=2.19.0.0, Culture=neutral, PublicKeyToken=1c2bd1631853048f' or one of its dependencies. The located assembly's manifest definition does not match the assembly reference. (Exception from HRESULT: 0x80131040)
Then I will be asked to enter the location of the database. Either I can select local and port number or a remote url and a port number.
-&gt; skipped because of previous errors</StdOut>
        <ErrorInfo>
          <Message>Test method RapidCase.BasicSystem.Specifications.SetUp.InitialSetUpFeature.ShowDatabaseLocationSelectionScreenIfDatabaseLocationIsMissing threw exception: 
System.IO.FileLoadException: Could not load file or assembly 'WebDriver, Version=2.19.0.0, Culture=neutral, PublicKeyToken=1c2bd1631853048f' or one of its dependencies. The located assembly's manifest definition does not match the assembly reference. (Exception from HRESULT: 0x80131040)</Message>
          <StackTrace>    at RapidCase.BasicSystem.Specifications.SetUp.InitalSetUpStepDefinitions.WhenINavigateToTheDefaultPage()
   at lambda_method(Closure , IContextManager )
   at TechTalk.SpecFlow.Bindings.MethodBinding.InvokeAction(IContextManager contextManager, Object[] arguments, ITestTracer testTracer, TimeSpan&amp; duration)
   at TechTalk.SpecFlow.Bindings.StepDefinitionBinding.Invoke(IContextManager contextManager, ITestTracer testTracer, Object[] arguments, TimeSpan&amp; duration)
   at TechTalk.SpecFlow.Infrastructure.TestExecutionEngine.ExecuteStepMatch(BindingMatch match, Object[] arguments)
   at TechTalk.SpecFlow.Infrastructure.TestExecutionEngine.ExecuteStep(StepArgs stepArgs)
   at TechTalk.SpecFlow.Infrastructure.TestExecutionEngine.OnAfterLastStep()
   at TechTalk.SpecFlow.TestRunner.CollectScenarioErrors()
   at RapidCase.BasicSystem.Specifications.SetUp.InitialSetUpFeature.ScenarioCleanup() in C:\Users\Johan\Documents\projects\RapidCase\RapidCase.BasicSystem.Specifications\SetUp\InitalSetUp.feature.cs:line 0
   at RapidCase.BasicSystem.Specifications.SetUp.InitialSetUpFeature.ShowDatabaseLocationSelectionScreenIfDatabaseLocationIsMissing() in c:\Users\Johan\Documents\projects\RapidCase\RapidCase.BasicSystem.Specifications\SetUp\InitalSetUp.feature:line 8
</StackTrace>
        </ErrorInfo>
      </Output>
    </UnitTestResult>
    <UnitTestResult executionId="a9efb64a-6fbc-4ff1-a3b2-28cb2de07f41" testId="f534cc6d-ccd7-79c5-9d4a-e36817d3f99a" testName="WhenALogInToTheRapidCaseDevelopmentStudioTheConfigurationIsAutomaticlyLoaded" computerName="JOHAN-PC" duration="00:00:02.1692842" startTime="2012-03-03T15:34:02.9635838+01:00" endTime="2012-03-03T15:34:05.1335868+01:00" testType="13cdc9d9-ddb5-4fa4-a97d-d965ccfc6d4b" outcome="Inconclusive" testListId="8c84fa94-04c1-424b-9868-57a2d4851a1d" relativeResultsDirectory="a9efb64a-6fbc-4ff1-a3b2-28cb2de07f41">
      <Output>
        <StdOut>Given it is not the first time I log in to the RapidCase Development Studio
-&gt; No matching step definition found for the step. Use the following code to create one:
    [Binding]
    public class StepDefinitions
    {
        [Given(@"it is not the first time I log in to the RapidCase Development Studio")]
        public void GivenItIsNotTheFirstTimeILogInToTheRapidCaseDevelopmentStudio()
        {
            ScenarioContext.Current.Pending();
        }
    }

When I do a sussesful log in to the RapidCase Development Studio
-&gt; No matching step definition found for the step. Use the following code to create one:
    [Binding]
    public class StepDefinitions
    {
        [When(@"I do a sussesful log in to the RapidCase Development Studio")]
        public void WhenIDoASussesfulLogInToTheRapidCaseDevelopmentStudio()
        {
            ScenarioContext.Current.Pending();
        }
    }

Then the configuration is loaded from ?
-&gt; No matching step definition found for the step. Use the following code to create one:
    [Binding]
    public class StepDefinitions
    {
        [Then(@"the configuration is loaded from \?")]
        public void ThenTheConfigurationIsLoadedFrom()
        {
            ScenarioContext.Current.Pending();
        }
    }</StdOut>
        <ErrorInfo>
          <Message>Assert.Inconclusive failed. No matching step definition found for one or more steps.
[Binding]
public class StepDefinitions
{
    [Given(@"it is not the first time I log in to the RapidCase Development Studio")]
    public void GivenItIsNotTheFirstTimeILogInToTheRapidCaseDevelopmentStudio()
    {
        ScenarioContext.Current.Pending();
    }
    
    [Then(@"the configuration is loaded from \?")]
    public void ThenTheConfigurationIsLoadedFrom()
    {
        ScenarioContext.Current.Pending();
    }
    
    [When(@"I do a sussesful log in to the RapidCase Development Studio")]
    public void WhenIDoASussesfulLogInToTheRapidCaseDevelopmentStudio()
    {
        ScenarioContext.Current.Pending();
    }
}
</Message>
          <StackTrace>   at lambda_method(Closure , String , Object[] )
   at TechTalk.SpecFlow.UnitTestProvider.MsTestRuntimeProvider.TestInconclusive(String message)
   at TechTalk.SpecFlow.UnitTestProvider.MsTestRuntimeProvider.TestPending(String message)
   at TechTalk.SpecFlow.ErrorHandling.ErrorProvider.ThrowPendingError(TestStatus testStatus, String message)
   at TechTalk.SpecFlow.Infrastructure.TestExecutionEngine.OnAfterLastStep()
   at TechTalk.SpecFlow.TestRunner.CollectScenarioErrors()
   at RapidCase.DeveloperStudio.Specifications.BasicFunctions.NewOpenAndSaveFeature.ScenarioCleanup() in C:\Users\Johan\Documents\projects\RapidCase\RapidCase.DeveloperStudio.Specifications\Basic functions\NewOpenSave.feature.cs:line 0
   at RapidCase.DeveloperStudio.Specifications.BasicFunctions.NewOpenAndSaveFeature.WhenALogInToTheRapidCaseDevelopmentStudioTheConfigurationIsAutomaticlyLoaded() in c:\Users\Johan\Documents\projects\RapidCase\RapidCase.DeveloperStudio.Specifications\Basic functions\NewOpenSave.feature:line 21
</StackTrace>
        </ErrorInfo>
      </Output>
    </UnitTestResult>
    <UnitTestResult executionId="c228acab-c32c-4a7f-980e-77c60fd2a0d0" testId="fd5c18a6-5934-b007-aee8-c67ef598ac60" testName="AInitialFileIsLoadedTheFirstTimeIStartTheRapidCaseDevelopmentStudio" computerName="JOHAN-PC" duration="00:00:00.9898995" startTime="2012-03-03T15:34:05.1535868+01:00" endTime="2012-03-03T15:34:06.1435882+01:00" testType="13cdc9d9-ddb5-4fa4-a97d-d965ccfc6d4b" outcome="Inconclusive" testListId="8c84fa94-04c1-424b-9868-57a2d4851a1d" relativeResultsDirectory="c228acab-c32c-4a7f-980e-77c60fd2a0d0">
      <Output>
        <StdOut>Given It is the first time I start Developer studio
-&gt; No matching step definition found for the step. Use the following code to create one:
    [Binding]
    public class StepDefinitions
    {
        [Given(@"It is the first time I start Developer studio")]
        public void GivenItIsTheFirstTimeIStartDeveloperStudio()
        {
            ScenarioContext.Current.Pending();
        }
    }

When I log in as Administrator
-&gt; No matching step definition found for the step. Use the following code to create one:
    [Binding]
    public class StepDefinitions
    {
        [When(@"I log in as Administrator")]
        public void WhenILogInAsAdministrator()
        {
            ScenarioContext.Current.Pending();
        }
    }

Then a initial configuration will be loaded in to the RapidCase Development Studio
-&gt; No matching step definition found for the step. Use the following code to create one:
    [Binding]
    public class StepDefinitions
    {
        [Then(@"a initial configuration will be loaded in to the RapidCase Development Studio")]
        public void ThenAInitialConfigurationWillBeLoadedInToTheRapidCaseDevelopmentStudio()
        {
            ScenarioContext.Current.Pending();
        }
    }</StdOut>
        <ErrorInfo>
          <Message>Assert.Inconclusive failed. No matching step definition found for one or more steps.
[Binding]
public class StepDefinitions
{
    [Given(@"It is the first time I start Developer studio")]
    public void GivenItIsTheFirstTimeIStartDeveloperStudio()
    {
        ScenarioContext.Current.Pending();
    }
    
    [Then(@"a initial configuration will be loaded in to the RapidCase Development Studio")]
    public void ThenAInitialConfigurationWillBeLoadedInToTheRapidCaseDevelopmentStudio()
    {
        ScenarioContext.Current.Pending();
    }
    
    [When(@"I log in as Administrator")]
    public void WhenILogInAsAdministrator()
    {
        ScenarioContext.Current.Pending();
    }
}
</Message>
          <StackTrace>   at lambda_method(Closure , String , Object[] )
   at TechTalk.SpecFlow.UnitTestProvider.MsTestRuntimeProvider.TestInconclusive(String message)
   at TechTalk.SpecFlow.UnitTestProvider.MsTestRuntimeProvider.TestPending(String message)
   at TechTalk.SpecFlow.ErrorHandling.ErrorProvider.ThrowPendingError(TestStatus testStatus, String message)
   at TechTalk.SpecFlow.Infrastructure.TestExecutionEngine.OnAfterLastStep()
   at TechTalk.SpecFlow.TestRunner.CollectScenarioErrors()
   at RapidCase.DeveloperStudio.Specifications.BasicFunctions.NewOpenAndSaveFeature.ScenarioCleanup() in C:\Users\Johan\Documents\projects\RapidCase\RapidCase.DeveloperStudio.Specifications\Basic functions\NewOpenSave.feature.cs:line 0
   at RapidCase.DeveloperStudio.Specifications.BasicFunctions.NewOpenAndSaveFeature.AInitialFileIsLoadedTheFirstTimeIStartTheRapidCaseDevelopmentStudio() in c:\Users\Johan\Documents\projects\RapidCase\RapidCase.DeveloperStudio.Specifications\Basic functions\NewOpenSave.feature:line 8
</StackTrace>
        </ErrorInfo>
      </Output>
    </UnitTestResult>
  </Results>
</TestRun>