<?xml version="1.0" encoding="UTF-8"?>
<TestRun id="f0e3df63-6f7a-4bd0-bdcb-3c6b59687b35" name="Johan@JOHAN-PC 2012-03-04 19:16:27" runUser="Johan-PC\Johan" xmlns="http://microsoft.com/schemas/VisualStudio/TeamTest/2010">
  <TestSettings name="Local" id="39875048-2048-441b-8624-86654f126164">
    <Description>These are default test settings for a local test run.</Description>
    <Deployment enabled="false" runDeploymentRoot="Johan_JOHAN-PC 2012-03-04 19_16_27">
      <DeploymentItem filename="C:\Users\Johan\Documents\projects\RapidCase\packages\Selenium.WebDriver.2.20.0\lib\net40\WebDriver.dll" />
      <DeploymentItem filename="C:\Users\Johan\Documents\projects\RapidCase\packages\SpecFlow.1.8.1\lib\net35\TechTalk.SpecFlow.dll" />
      <DeploymentItem filename="C:\Users\Johan\Documents\projects\RapidCase\RapidCase.Common\bin\Debug\RapidCase.Common.dll" />
      <DeploymentItem filename="C:\Users\Johan\Documents\projects\RapidCase\packages\DotNetZip.1.9.1.8\lib\net20\Ionic.Zip.dll" />
      <DeploymentItem filename="C:\Users\Johan\Documents\projects\RapidCase\packages\Newtonsoft.Json.4.0.6\lib\net40\Newtonsoft.Json.dll" />
    </Deployment>
    <Execution>
      <TestTypeSpecific />
      <AgentRule name="Execution Agents">
      </AgentRule>
    </Execution>
  </TestSettings>
  <Times creation="2012-03-04T19:16:27.2080549+01:00" queuing="2012-03-04T19:16:28.5301305+01:00" start="2012-03-04T19:16:28.6931398+01:00" finish="2012-03-04T19:18:00.1603715+01:00" />
  <ResultSummary outcome="Error">
    <Counters total="8" executed="3" error="0" failed="0" timeout="0" aborted="1" inconclusive="2" passedButRunAborted="0" notRunnable="0" notExecuted="5" disconnected="0" warning="0" passed="0" completed="0" inProgress="0" pending="0" />
    <RunInfos>
      <RunInfo computerName="JOHAN-PC" outcome="Error" timestamp="2012-03-04T19:18:00.1583713+01:00">
        <Text>Test host process exited unexpectedly.</Text>
      </RunInfo>
    </RunInfos>
  </ResultSummary>
  <TestDefinitions>
    <UnitTest name="ShowDatabaseLocationSelectionScreenIfDatabaseLocationIsMissing" storage="c:\users\johan\documents\projects\rapidcase\rapidcase.basicsystem.specifications\bin\debug\rapidcase.basicsystem.specifications.dll" id="607ad56f-0bd1-54e5-69b6-976f368d808a">
      <Description>Show database location selection screen if database location is missing</Description>
      <TestCategory>
        <TestCategoryItem TestCategory="web" />
      </TestCategory>
      <Execution id="c4558e0d-d70b-4a99-bff6-4d472b462041" />
      <Properties>
        <Property>
          <Key>FeatureTitle</Key>
          <Value>Initial set up</Value>
        </Property>
      </Properties>
      <TestMethod codeBase="C:/Users/Johan/Documents/projects/RapidCase/RapidCase.BasicSystem.Specifications/bin/Debug/RapidCase.BasicSystem.Specifications.DLL" adapterTypeName="Microsoft.VisualStudio.TestTools.TestTypes.Unit.UnitTestAdapter, Microsoft.VisualStudio.QualityTools.Tips.UnitTest.Adapter, Version=10.0.0.0, Culture=neutral, PublicKeyToken=b03f5f7f11d50a3a" className="RapidCase.BasicSystem.Specifications.Setup.InitialSetUpFeature, RapidCase.BasicSystem.Specifications, Version=1.0.0.0, Culture=neutral, PublicKeyToken=null" name="ShowDatabaseLocationSelectionScreenIfDatabaseLocationIsMissing" />
    </UnitTest>
    <UnitTest name="EnterSetupInformationCorrect" storage="c:\users\johan\documents\projects\rapidcase\rapidcase.basicsystem.specifications\bin\debug\rapidcase.basicsystem.specifications.dll" id="5abbfa87-d65c-c25d-a8cd-0901fe713af4">
      <Description>Enter setup information correct</Description>
      <TestCategory>
        <TestCategoryItem TestCategory="web" />
      </TestCategory>
      <Execution id="8da41132-4c65-48e5-873d-43e24c9df0e3" />
      <Properties>
        <Property>
          <Key>FeatureTitle</Key>
          <Value>Initial set up</Value>
        </Property>
      </Properties>
      <TestMethod codeBase="C:/Users/Johan/Documents/projects/RapidCase/RapidCase.BasicSystem.Specifications/bin/Debug/RapidCase.BasicSystem.Specifications.DLL" adapterTypeName="Microsoft.VisualStudio.TestTools.TestTypes.Unit.UnitTestAdapter, Microsoft.VisualStudio.QualityTools.Tips.UnitTest.Adapter, Version=10.0.0.0, Culture=neutral, PublicKeyToken=b03f5f7f11d50a3a" className="RapidCase.BasicSystem.Specifications.Setup.InitialSetUpFeature, RapidCase.BasicSystem.Specifications, Version=1.0.0.0, Culture=neutral, PublicKeyToken=null" name="EnterSetupInformationCorrect" />
    </UnitTest>
    <UnitTest name="EnterANewPasswordForTheAdministrator" storage="c:\users\johan\documents\projects\rapidcase\rapidcase.basicsystem.specifications\bin\debug\rapidcase.basicsystem.specifications.dll" id="15bede2b-2c9d-8036-da77-19a81576e5a2">
      <Description>Enter a new password for the administrator</Description>
      <TestCategory>
        <TestCategoryItem TestCategory="web" />
      </TestCategory>
      <Execution id="520a7d2a-a3ea-4132-b4b8-88d1891a4318" />
      <Properties>
        <Property>
          <Key>FeatureTitle</Key>
          <Value>Initial set up</Value>
        </Property>
      </Properties>
      <TestMethod codeBase="C:/Users/Johan/Documents/projects/RapidCase/RapidCase.BasicSystem.Specifications/bin/Debug/RapidCase.BasicSystem.Specifications.DLL" adapterTypeName="Microsoft.VisualStudio.TestTools.TestTypes.Unit.UnitTestAdapter, Microsoft.VisualStudio.QualityTools.Tips.UnitTest.Adapter, Version=10.0.0.0, Culture=neutral, PublicKeyToken=b03f5f7f11d50a3a" className="RapidCase.BasicSystem.Specifications.Setup.InitialSetUpFeature, RapidCase.BasicSystem.Specifications, Version=1.0.0.0, Culture=neutral, PublicKeyToken=null" name="EnterANewPasswordForTheAdministrator" />
    </UnitTest>
    <UnitTest name="AInitialFileIsLoadedTheFirstTimeIStartTheRapidCaseDevelopmentStudio" storage="c:\users\johan\documents\projects\rapidcase\rapidcase.developerstudio.specifications\bin\debug\rapidcase.developerstudio.specifications.dll" id="fd5c18a6-5934-b007-aee8-c67ef598ac60">
      <Description>A initial file is loaded the first time I start the RapidCase Development Studio</Description>
      <TestCategory>
        <TestCategoryItem TestCategory="web" />
      </TestCategory>
      <Execution id="e1a396a3-9429-4ff8-800f-ebbd39e28b06" />
      <Properties>
        <Property>
          <Key>FeatureTitle</Key>
          <Value>New, Open and save</Value>
        </Property>
      </Properties>
      <TestMethod codeBase="C:/Users/Johan/Documents/projects/RapidCase/RapidCase.DeveloperStudio.Specifications/bin/Debug/RapidCase.DeveloperStudio.Specifications.DLL" adapterTypeName="Microsoft.VisualStudio.TestTools.TestTypes.Unit.UnitTestAdapter, Microsoft.VisualStudio.QualityTools.Tips.UnitTest.Adapter, Version=10.0.0.0, Culture=neutral, PublicKeyToken=b03f5f7f11d50a3a" className="RapidCase.DeveloperStudio.Specifications.BasicFunctions.NewOpenAndSaveFeature, RapidCase.DeveloperStudio.Specifications, Version=1.0.0.0, Culture=neutral, PublicKeyToken=null" name="AInitialFileIsLoadedTheFirstTimeIStartTheRapidCaseDevelopmentStudio" />
    </UnitTest>
    <UnitTest name="RequestPasswordForAdministratorIfItDoNotExist" storage="c:\users\johan\documents\projects\rapidcase\rapidcase.basicsystem.specifications\bin\debug\rapidcase.basicsystem.specifications.dll" id="d03fd5bb-1d9d-bcd8-672f-ac6c1bcf1a73">
      <Description>Request password for administrator if it do not exist</Description>
      <TestCategory>
        <TestCategoryItem TestCategory="web" />
      </TestCategory>
      <Execution id="89bc86dd-60ce-488e-9ec2-0678c7dc3713" />
      <Properties>
        <Property>
          <Key>FeatureTitle</Key>
          <Value>Initial set up</Value>
        </Property>
      </Properties>
      <TestMethod codeBase="C:/Users/Johan/Documents/projects/RapidCase/RapidCase.BasicSystem.Specifications/bin/Debug/RapidCase.BasicSystem.Specifications.DLL" adapterTypeName="Microsoft.VisualStudio.TestTools.TestTypes.Unit.UnitTestAdapter, Microsoft.VisualStudio.QualityTools.Tips.UnitTest.Adapter, Version=10.0.0.0, Culture=neutral, PublicKeyToken=b03f5f7f11d50a3a" className="RapidCase.BasicSystem.Specifications.Setup.InitialSetUpFeature, RapidCase.BasicSystem.Specifications, Version=1.0.0.0, Culture=neutral, PublicKeyToken=null" name="RequestPasswordForAdministratorIfItDoNotExist" />
    </UnitTest>
    <UnitTest name="SelectRemoteMachineAsDatabaseLocation" storage="c:\users\johan\documents\projects\rapidcase\rapidcase.basicsystem.specifications\bin\debug\rapidcase.basicsystem.specifications.dll" id="1cf2fcd1-9bb4-7359-640e-ae1d47b72bd4">
      <Description>Select remote machine as database location</Description>
      <TestCategory>
        <TestCategoryItem TestCategory="web" />
      </TestCategory>
      <Execution id="694efc95-60b5-429d-ac17-5cb2490bfd86" />
      <Properties>
        <Property>
          <Key>FeatureTitle</Key>
          <Value>Initial set up</Value>
        </Property>
      </Properties>
      <TestMethod codeBase="C:/Users/Johan/Documents/projects/RapidCase/RapidCase.BasicSystem.Specifications/bin/Debug/RapidCase.BasicSystem.Specifications.DLL" adapterTypeName="Microsoft.VisualStudio.TestTools.TestTypes.Unit.UnitTestAdapter, Microsoft.VisualStudio.QualityTools.Tips.UnitTest.Adapter, Version=10.0.0.0, Culture=neutral, PublicKeyToken=b03f5f7f11d50a3a" className="RapidCase.BasicSystem.Specifications.Setup.InitialSetUpFeature, RapidCase.BasicSystem.Specifications, Version=1.0.0.0, Culture=neutral, PublicKeyToken=null" name="SelectRemoteMachineAsDatabaseLocation" />
    </UnitTest>
    <UnitTest name="WhenALogInToTheRapidCaseDevelopmentStudioTheConfigurationIsAutomaticlyLoaded" storage="c:\users\johan\documents\projects\rapidcase\rapidcase.developerstudio.specifications\bin\debug\rapidcase.developerstudio.specifications.dll" id="f534cc6d-ccd7-79c5-9d4a-e36817d3f99a">
      <Description>When a log in to the RapidCase Development Studio the configuration is automaticly loaded</Description>
      <TestCategory>
        <TestCategoryItem TestCategory="web" />
      </TestCategory>
      <Execution id="ec525dd8-0ebf-47db-905e-6e6febaa0686" />
      <Properties>
        <Property>
          <Key>FeatureTitle</Key>
          <Value>New, Open and save</Value>
        </Property>
      </Properties>
      <TestMethod codeBase="C:/Users/Johan/Documents/projects/RapidCase/RapidCase.DeveloperStudio.Specifications/bin/Debug/RapidCase.DeveloperStudio.Specifications.DLL" adapterTypeName="Microsoft.VisualStudio.TestTools.TestTypes.Unit.UnitTestAdapter, Microsoft.VisualStudio.QualityTools.Tips.UnitTest.Adapter, Version=10.0.0.0, Culture=neutral, PublicKeyToken=b03f5f7f11d50a3a" className="RapidCase.DeveloperStudio.Specifications.BasicFunctions.NewOpenAndSaveFeature, RapidCase.DeveloperStudio.Specifications, Version=1.0.0.0, Culture=neutral, PublicKeyToken=null" name="WhenALogInToTheRapidCaseDevelopmentStudioTheConfigurationIsAutomaticlyLoaded" />
    </UnitTest>
    <UnitTest name="WhenAPushTheSaveButtonTheActiveObjectIsSaved" storage="c:\users\johan\documents\projects\rapidcase\rapidcase.developerstudio.specifications\bin\debug\rapidcase.developerstudio.specifications.dll" id="73302206-0dad-245f-b252-a47d9578b55d">
      <Description>When a push the save button the active object is saved</Description>
      <TestCategory>
        <TestCategoryItem TestCategory="web" />
      </TestCategory>
      <Execution id="dfd4a2d3-ec4f-46f8-a1f0-259a7845db1f" />
      <Properties>
        <Property>
          <Key>FeatureTitle</Key>
          <Value>New, Open and save</Value>
        </Property>
      </Properties>
      <TestMethod codeBase="C:/Users/Johan/Documents/projects/RapidCase/RapidCase.DeveloperStudio.Specifications/bin/Debug/RapidCase.DeveloperStudio.Specifications.DLL" adapterTypeName="Microsoft.VisualStudio.TestTools.TestTypes.Unit.UnitTestAdapter, Microsoft.VisualStudio.QualityTools.Tips.UnitTest.Adapter, Version=10.0.0.0, Culture=neutral, PublicKeyToken=b03f5f7f11d50a3a" className="RapidCase.DeveloperStudio.Specifications.BasicFunctions.NewOpenAndSaveFeature, RapidCase.DeveloperStudio.Specifications, Version=1.0.0.0, Culture=neutral, PublicKeyToken=null" name="WhenAPushTheSaveButtonTheActiveObjectIsSaved" />
    </UnitTest>
  </TestDefinitions>
  <TestLists>
    <TestList name="Results Not in a List" id="8c84fa94-04c1-424b-9868-57a2d4851a1d" />
    <TestList name="All Loaded Results" id="19431567-8539-422a-85d7-44ee4e166bda" />
  </TestLists>
  <TestEntries>
    <TestEntry testId="15bede2b-2c9d-8036-da77-19a81576e5a2" executionId="520a7d2a-a3ea-4132-b4b8-88d1891a4318" testListId="8c84fa94-04c1-424b-9868-57a2d4851a1d" />
    <TestEntry testId="1cf2fcd1-9bb4-7359-640e-ae1d47b72bd4" executionId="694efc95-60b5-429d-ac17-5cb2490bfd86" testListId="8c84fa94-04c1-424b-9868-57a2d4851a1d" />
    <TestEntry testId="5abbfa87-d65c-c25d-a8cd-0901fe713af4" executionId="8da41132-4c65-48e5-873d-43e24c9df0e3" testListId="8c84fa94-04c1-424b-9868-57a2d4851a1d" />
    <TestEntry testId="607ad56f-0bd1-54e5-69b6-976f368d808a" executionId="c4558e0d-d70b-4a99-bff6-4d472b462041" testListId="8c84fa94-04c1-424b-9868-57a2d4851a1d" />
    <TestEntry testId="73302206-0dad-245f-b252-a47d9578b55d" executionId="dfd4a2d3-ec4f-46f8-a1f0-259a7845db1f" testListId="8c84fa94-04c1-424b-9868-57a2d4851a1d" />
    <TestEntry testId="d03fd5bb-1d9d-bcd8-672f-ac6c1bcf1a73" executionId="89bc86dd-60ce-488e-9ec2-0678c7dc3713" testListId="8c84fa94-04c1-424b-9868-57a2d4851a1d" />
    <TestEntry testId="f534cc6d-ccd7-79c5-9d4a-e36817d3f99a" executionId="ec525dd8-0ebf-47db-905e-6e6febaa0686" testListId="8c84fa94-04c1-424b-9868-57a2d4851a1d" />
    <TestEntry testId="fd5c18a6-5934-b007-aee8-c67ef598ac60" executionId="e1a396a3-9429-4ff8-800f-ebbd39e28b06" testListId="8c84fa94-04c1-424b-9868-57a2d4851a1d" />
  </TestEntries>
  <Results>
    <UnitTestResult executionId="520a7d2a-a3ea-4132-b4b8-88d1891a4318" testId="15bede2b-2c9d-8036-da77-19a81576e5a2" testName="EnterANewPasswordForTheAdministrator" computerName="JOHAN-PC" duration="00:00:04.1730705" startTime="2012-03-04T19:16:28.8311477+01:00" endTime="2012-03-04T19:16:42.4349258+01:00" testType="13cdc9d9-ddb5-4fa4-a97d-d965ccfc6d4b" outcome="Inconclusive" testListId="8c84fa94-04c1-424b-9868-57a2d4851a1d" relativeResultsDirectory="520a7d2a-a3ea-4132-b4b8-88d1891a4318">
      <Output>
        <StdOut>Given Administrator do not have a password
-&gt; No matching step definition found for the step. Use the following code to create one:
    [Binding]
    public class StepDefinitions
    {
        [Given(@"Administrator do not have a password")]
        public void GivenAdministratorDoNotHaveAPassword()
        {
            ScenarioContext.Current.Pending();
        }
    }

And I have navigated to the default page
-&gt; No matching step definition found for the step. Use the following code to create one:
    [Binding]
    public class StepDefinitions
    {
        [Given(@"I have navigated to the default page")]
        public void GivenIHaveNavigatedToTheDefaultPage()
        {
            ScenarioContext.Current.Pending();
        }
    }

And I am requested to enter a password for the administrator
-&gt; No matching step definition found for the step. Use the following code to create one:
    [Binding]
    public class StepDefinitions
    {
        [Given(@"I am requested to enter a password for the administrator")]
        public void GivenIAmRequestedToEnterAPasswordForTheAdministrator()
        {
            ScenarioContext.Current.Pending();
        }
    }

When I enter test123 as password and click the submit button
-&gt; No matching step definition found for the step. Use the following code to create one:
    [Binding]
    public class StepDefinitions
    {
        [When(@"I enter test123 as password and click the submit button")]
        public void WhenIEnterTest123AsPasswordAndClickTheSubmitButton()
        {
            ScenarioContext.Current.Pending();
        }
    }

Then test123 will be saved as the password for the administrator and navigated to RapidCase Development Studio
-&gt; No matching step definition found for the step. Use the following code to create one:
    [Binding]
    public class StepDefinitions
    {
        [Then(@"test123 will be saved as the password for the administrator and navigated to RapidCase Development Studio")]
        public void ThenTest123WillBeSavedAsThePasswordForTheAdministratorAndNavigatedToRapidCaseDevelopmentStudio()
        {
            ScenarioContext.Current.Pending();
        }
    }</StdOut>
        <ErrorInfo>
          <Message>Assert.Inconclusive failed. No matching step definition found for one or more steps.
[Binding]
public class StepDefinitions
{
    [Given(@"Administrator do not have a password")]
    public void GivenAdministratorDoNotHaveAPassword()
    {
        ScenarioContext.Current.Pending();
    }
    
    [Given(@"I am requested to enter a password for the administrator")]
    public void GivenIAmRequestedToEnterAPasswordForTheAdministrator()
    {
        ScenarioContext.Current.Pending();
    }
    
    [Given(@"I have navigated to the default page")]
    public void GivenIHaveNavigatedToTheDefaultPage()
    {
        ScenarioContext.Current.Pending();
    }
    
    [Then(@"test123 will be saved as the password for the administrator and navigated to RapidCase Development Studio")]
    public void ThenTest123WillBeSavedAsThePasswordForTheAdministratorAndNavigatedToRapidCaseDevelopmentStudio()
    {
        ScenarioContext.Current.Pending();
    }
    
    [When(@"I enter test123 as password and click the submit button")]
    public void WhenIEnterTest123AsPasswordAndClickTheSubmitButton()
    {
        ScenarioContext.Current.Pending();
    }
}
</Message>
          <StackTrace>   at lambda_method(Closure , String , Object[] )
   at TechTalk.SpecFlow.UnitTestProvider.MsTestRuntimeProvider.TestInconclusive(String message)
   at TechTalk.SpecFlow.UnitTestProvider.MsTestRuntimeProvider.TestPending(String message)
   at TechTalk.SpecFlow.ErrorHandling.ErrorProvider.ThrowPendingError(TestStatus testStatus, String message)
   at TechTalk.SpecFlow.Infrastructure.TestExecutionEngine.OnAfterLastStep()
   at TechTalk.SpecFlow.TestRunner.CollectScenarioErrors()
   at RapidCase.BasicSystem.Specifications.Setup.InitialSetUpFeature.ScenarioCleanup() in C:\Users\Johan\Documents\projects\RapidCase\RapidCase.BasicSystem.Specifications\Setup\InitalSetup1.feature.cs:line 0
   at RapidCase.BasicSystem.Specifications.Setup.InitialSetUpFeature.EnterANewPasswordForTheAdministrator() in c:\Users\Johan\Documents\projects\RapidCase\RapidCase.BasicSystem.Specifications\Setup\InitalSetup.feature:line 40
</StackTrace>
        </ErrorInfo>
      </Output>
    </UnitTestResult>
    <UnitTestResult executionId="694efc95-60b5-429d-ac17-5cb2490bfd86" testId="1cf2fcd1-9bb4-7359-640e-ae1d47b72bd4" testName="SelectRemoteMachineAsDatabaseLocation" computerName="JOHAN-PC" duration="00:00:03.0026634" startTime="2012-03-04T19:16:42.4509267+01:00" endTime="2012-03-04T19:16:45.4610989+01:00" testType="13cdc9d9-ddb5-4fa4-a97d-d965ccfc6d4b" outcome="Inconclusive" testListId="8c84fa94-04c1-424b-9868-57a2d4851a1d" relativeResultsDirectory="694efc95-60b5-429d-ac17-5cb2490bfd86">
      <Output>
        <StdOut>Given I start up the system for the first time
-&gt; done: InitalSetUpStepDefinitions.GivenIStartUpTheSystemForTheFirstTime() (0,0s)
And database location selection screen i showing
-&gt; No matching step definition found for the step. Use the following code to create one:
    [Binding]
    public class StepDefinitions
    {
        [Given(@"database location selection screen i showing")]
        public void GivenDatabaseLocationSelectionScreenIShowing()
        {
            ScenarioContext.Current.Pending();
        }
    }

When I select that my database is on a remote machine. I enter 127.0.0.1 as database location, port 8080 as port and clicked save button
-&gt; No matching step definition found for the step. Use the following code to create one:
    [Binding]
    public class StepDefinitions
    {
        [When(@"I select that my database is on a remote machine\. I enter 127\.0\.0\.1 as database location, port 8080 as port and clicked save button")]
        public void WhenISelectThatMyDatabaseIsOnARemoteMachine_IEnter127_0_0_1AsDatabaseLocationPort8080AsPortAndClickedSaveButton()
        {
            ScenarioContext.Current.Pending();
        }
    }

Then the database location i saved as http://127.0.0.1:8080
-&gt; No matching step definition found for the step. Use the following code to create one:
    [Binding]
    public class StepDefinitions
    {
        [Then(@"the database location i saved as http://127\.0\.0\.1:8080")]
        public void ThenTheDatabaseLocationISavedAsHttp127_0_0_18080()
        {
            ScenarioContext.Current.Pending();
        }
    }</StdOut>
        <ErrorInfo>
          <Message>Assert.Inconclusive failed. No matching step definition found for one or more steps.
[Binding]
public class StepDefinitions
{
    [Given(@"database location selection screen i showing")]
    public void GivenDatabaseLocationSelectionScreenIShowing()
    {
        ScenarioContext.Current.Pending();
    }
    
    [Then(@"the database location i saved as http://127\.0\.0\.1:8080")]
    public void ThenTheDatabaseLocationISavedAsHttp127_0_0_18080()
    {
        ScenarioContext.Current.Pending();
    }
    
    [When(@"I select that my database is on a remote machine\. I enter 127\.0\.0\.1 as database location, port 8080 as port and clicked save button")]
    public void WhenISelectThatMyDatabaseIsOnARemoteMachine_IEnter127_0_0_1AsDatabaseLocationPort8080AsPortAndClickedSaveButton()
    {
        ScenarioContext.Current.Pending();
    }
}
</Message>
          <StackTrace>   at lambda_method(Closure , String , Object[] )
   at TechTalk.SpecFlow.UnitTestProvider.MsTestRuntimeProvider.TestInconclusive(String message)
   at TechTalk.SpecFlow.UnitTestProvider.MsTestRuntimeProvider.TestPending(String message)
   at TechTalk.SpecFlow.ErrorHandling.ErrorProvider.ThrowPendingError(TestStatus testStatus, String message)
   at TechTalk.SpecFlow.Infrastructure.TestExecutionEngine.OnAfterLastStep()
   at TechTalk.SpecFlow.TestRunner.CollectScenarioErrors()
   at RapidCase.BasicSystem.Specifications.Setup.InitialSetUpFeature.ScenarioCleanup() in C:\Users\Johan\Documents\projects\RapidCase\RapidCase.BasicSystem.Specifications\Setup\InitalSetup1.feature.cs:line 0
   at RapidCase.BasicSystem.Specifications.Setup.InitialSetUpFeature.SelectRemoteMachineAsDatabaseLocation() in c:\Users\Johan\Documents\projects\RapidCase\RapidCase.BasicSystem.Specifications\Setup\InitalSetup.feature:line 26
</StackTrace>
        </ErrorInfo>
      </Output>
    </UnitTestResult>
    <UnitTestResult executionId="8da41132-4c65-48e5-873d-43e24c9df0e3" testId="5abbfa87-d65c-c25d-a8cd-0901fe713af4" testName="EnterSetupInformationCorrect" computerName="JOHAN-PC" duration="00:01:14.6872719" startTime="2012-03-04T19:16:45.4730996+01:00" endTime="2012-03-04T19:18:00.1603715+01:00" testType="13cdc9d9-ddb5-4fa4-a97d-d965ccfc6d4b" outcome="Aborted" testListId="8c84fa94-04c1-424b-9868-57a2d4851a1d" relativeResultsDirectory="8da41132-4c65-48e5-873d-43e24c9df0e3">
    </UnitTestResult>
    <UnitTestResult executionId="c4558e0d-d70b-4a99-bff6-4d472b462041" testId="607ad56f-0bd1-54e5-69b6-976f368d808a" testName="ShowDatabaseLocationSelectionScreenIfDatabaseLocationIsMissing" computerName="JOHAN-PC" testType="13cdc9d9-ddb5-4fa4-a97d-d965ccfc6d4b" outcome="NotExecuted" testListId="8c84fa94-04c1-424b-9868-57a2d4851a1d" relativeResultsDirectory="c4558e0d-d70b-4a99-bff6-4d472b462041">
    </UnitTestResult>
    <UnitTestResult executionId="dfd4a2d3-ec4f-46f8-a1f0-259a7845db1f" testId="73302206-0dad-245f-b252-a47d9578b55d" testName="WhenAPushTheSaveButtonTheActiveObjectIsSaved" computerName="JOHAN-PC" testType="13cdc9d9-ddb5-4fa4-a97d-d965ccfc6d4b" outcome="NotExecuted" testListId="8c84fa94-04c1-424b-9868-57a2d4851a1d" relativeResultsDirectory="dfd4a2d3-ec4f-46f8-a1f0-259a7845db1f">
    </UnitTestResult>
    <UnitTestResult executionId="89bc86dd-60ce-488e-9ec2-0678c7dc3713" testId="d03fd5bb-1d9d-bcd8-672f-ac6c1bcf1a73" testName="RequestPasswordForAdministratorIfItDoNotExist" computerName="JOHAN-PC" testType="13cdc9d9-ddb5-4fa4-a97d-d965ccfc6d4b" outcome="NotExecuted" testListId="8c84fa94-04c1-424b-9868-57a2d4851a1d" relativeResultsDirectory="89bc86dd-60ce-488e-9ec2-0678c7dc3713">
    </UnitTestResult>
    <UnitTestResult executionId="ec525dd8-0ebf-47db-905e-6e6febaa0686" testId="f534cc6d-ccd7-79c5-9d4a-e36817d3f99a" testName="WhenALogInToTheRapidCaseDevelopmentStudioTheConfigurationIsAutomaticlyLoaded" computerName="JOHAN-PC" testType="13cdc9d9-ddb5-4fa4-a97d-d965ccfc6d4b" outcome="NotExecuted" testListId="8c84fa94-04c1-424b-9868-57a2d4851a1d" relativeResultsDirectory="ec525dd8-0ebf-47db-905e-6e6febaa0686">
    </UnitTestResult>
    <UnitTestResult executionId="e1a396a3-9429-4ff8-800f-ebbd39e28b06" testId="fd5c18a6-5934-b007-aee8-c67ef598ac60" testName="AInitialFileIsLoadedTheFirstTimeIStartTheRapidCaseDevelopmentStudio" computerName="JOHAN-PC" testType="13cdc9d9-ddb5-4fa4-a97d-d965ccfc6d4b" outcome="NotExecuted" testListId="8c84fa94-04c1-424b-9868-57a2d4851a1d" relativeResultsDirectory="e1a396a3-9429-4ff8-800f-ebbd39e28b06">
    </UnitTestResult>
  </Results>
</TestRun>