<?xml version="1.0" encoding="UTF-8"?>
<TestRun id="7ea21d1c-96a0-4c9e-8c17-7e5ec2e9bb0c" name="Johan@JOHAN-PC 2012-03-03 16:05:21" runUser="Johan-PC\Johan" xmlns="http://microsoft.com/schemas/VisualStudio/TeamTest/2010">
  <TestSettings name="Local" id="39875048-2048-441b-8624-86654f126164">
    <Description>These are default test settings for a local test run.</Description>
    <Deployment enabled="false" runDeploymentRoot="Johan_JOHAN-PC 2012-03-03 16_05_21">
      <DeploymentItem filename="C:\Users\Johan\Documents\projects\RapidCase\packages\Selenium.WebDriver.2.20.0\lib\net40\WebDriver.dll" />
      <DeploymentItem filename="C:\Users\Johan\Documents\projects\RapidCase\packages\SpecFlow.1.8.1\lib\net35\TechTalk.SpecFlow.dll" />
      <DeploymentItem filename="C:\Users\Johan\Documents\projects\RapidCase\RapidCase.Common\bin\Debug\RapidCase.Common.dll" />
      <DeploymentItem filename="C:\Users\Johan\Documents\projects\RapidCase\packages\DotNetZip.1.9.1.8\lib\net20\Ionic.Zip.dll" />
      <DeploymentItem filename="C:\Users\Johan\Documents\projects\RapidCase\packages\Newtonsoft.Json.4.0.6\lib\net40\Newtonsoft.Json.dll" />
    </Deployment>
    <Execution>
      <TestTypeSpecific />
      <AgentRule name="Execution Agents">
      </AgentRule>
    </Execution>
  </TestSettings>
  <Times creation="2012-03-03T16:05:21.3851129+01:00" queuing="2012-03-03T16:05:21.4651142+01:00" start="2012-03-03T16:05:21.4751143+01:00" finish="2012-03-03T16:05:30.3862540+01:00" />
  <ResultSummary outcome="Failed">
    <Counters total="1" executed="1" error="0" failed="1" timeout="0" aborted="0" inconclusive="0" passedButRunAborted="0" notRunnable="0" notExecuted="0" disconnected="0" warning="0" passed="0" completed="0" inProgress="0" pending="0" />
  </ResultSummary>
  <TestDefinitions>
    <UnitTest name="ShowDatabaseLocationSelectionScreenIfDatabaseLocationIsMissing" storage="c:\users\johan\documents\projects\rapidcase\rapidcase.basicsystem.specifications\bin\debug\rapidcase.basicsystem.specifications.dll" id="607ad56f-0bd1-54e5-69b6-976f368d808a">
      <Description>Show database location selection screen if database location is missing</Description>
      <Execution id="98e73fee-9a6c-495f-a691-608351d4fb41" />
      <Properties>
        <Property>
          <Key>FeatureTitle</Key>
          <Value>Initial set up</Value>
        </Property>
      </Properties>
      <TestMethod codeBase="C:/Users/Johan/Documents/projects/RapidCase/RapidCase.BasicSystem.Specifications/bin/Debug/RapidCase.BasicSystem.Specifications.DLL" adapterTypeName="Microsoft.VisualStudio.TestTools.TestTypes.Unit.UnitTestAdapter, Microsoft.VisualStudio.QualityTools.Tips.UnitTest.Adapter, Version=10.0.0.0, Culture=neutral, PublicKeyToken=b03f5f7f11d50a3a" className="RapidCase.BasicSystem.Specifications.Setup.InitialSetUpFeature, RapidCase.BasicSystem.Specifications, Version=1.0.0.0, Culture=neutral, PublicKeyToken=null" name="ShowDatabaseLocationSelectionScreenIfDatabaseLocationIsMissing" />
    </UnitTest>
  </TestDefinitions>
  <TestLists>
    <TestList name="Results Not in a List" id="8c84fa94-04c1-424b-9868-57a2d4851a1d" />
    <TestList name="All Loaded Results" id="19431567-8539-422a-85d7-44ee4e166bda" />
  </TestLists>
  <TestEntries>
    <TestEntry testId="607ad56f-0bd1-54e5-69b6-976f368d808a" executionId="98e73fee-9a6c-495f-a691-608351d4fb41" testListId="8c84fa94-04c1-424b-9868-57a2d4851a1d" />
  </TestEntries>
  <Results>
    <UnitTestResult executionId="98e73fee-9a6c-495f-a691-608351d4fb41" testId="607ad56f-0bd1-54e5-69b6-976f368d808a" testName="ShowDatabaseLocationSelectionScreenIfDatabaseLocationIsMissing" computerName="JOHAN-PC" duration="00:00:02.2358877" startTime="2012-03-03T16:05:21.4776144+01:00" endTime="2012-03-03T16:05:30.3562535+01:00" testType="13cdc9d9-ddb5-4fa4-a97d-d965ccfc6d4b" outcome="Failed" testListId="8c84fa94-04c1-424b-9868-57a2d4851a1d" relativeResultsDirectory="98e73fee-9a6c-495f-a691-608351d4fb41">
      <Output>
        <StdOut>Given I start up the system for the first time
-&gt; done: InitalSetUpStepDefinitions.GivenIStartUpTheSystemForTheFirstTime() (0,0s)
And the database location is not set
-&gt; done: InitalSetUpStepDefinitions.GivenTheDatabaseLocationIsNotSet() (0,0s)
When I navigate to the default page
-&gt; done: InitalSetUpStepDefinitions.WhenINavigateToTheDefaultPage() (1,1s)
Then I will be asked to enter the location of the database. Either I can select local and port number or a remote url and a port number.
-&gt; error: Assert.AreEqual failed. Expected:&lt;RapidCase - Initial setup&gt;. Actual:&lt;RapidCase - Initial setup - My ASP.NET MVC Application&gt;.</StdOut>
        <ErrorInfo>
          <Message>Assert.AreEqual failed. Expected:&lt;RapidCase - Initial setup&gt;. Actual:&lt;RapidCase - Initial setup - My ASP.NET MVC Application&gt;. </Message>
          <StackTrace>   at RapidCase.BasicSystem.Specifications.Setup.InitalSetUpStepDefinitions.ThenIWillBeAskedToEnterTheLocationOfTheDatabase_EitherICanSelectLocalAndPortNumberOrARemoteUrlAndAPortNumber_() in C:\Users\Johan\Documents\projects\RapidCase\RapidCase.BasicSystem.Specifications\SetUp\InitalSetUpStepDefinitions.cs:line 35
   at lambda_method(Closure , IContextManager )
   at TechTalk.SpecFlow.Bindings.MethodBinding.InvokeAction(IContextManager contextManager, Object[] arguments, ITestTracer testTracer, TimeSpan&amp; duration)
   at TechTalk.SpecFlow.Bindings.StepDefinitionBinding.Invoke(IContextManager contextManager, ITestTracer testTracer, Object[] arguments, TimeSpan&amp; duration)
   at TechTalk.SpecFlow.Infrastructure.TestExecutionEngine.ExecuteStepMatch(BindingMatch match, Object[] arguments)
   at TechTalk.SpecFlow.Infrastructure.TestExecutionEngine.ExecuteStep(StepArgs stepArgs)
   at TechTalk.SpecFlow.Infrastructure.TestExecutionEngine.OnAfterLastStep()
   at TechTalk.SpecFlow.TestRunner.CollectScenarioErrors()
   at RapidCase.BasicSystem.Specifications.Setup.InitialSetUpFeature.ScenarioCleanup() in C:\Users\Johan\Documents\projects\RapidCase\RapidCase.BasicSystem.Specifications\SetUp\InitalSetup1.feature.cs:line 0
   at RapidCase.BasicSystem.Specifications.Setup.InitialSetUpFeature.ShowDatabaseLocationSelectionScreenIfDatabaseLocationIsMissing() in c:\Users\Johan\Documents\projects\RapidCase\RapidCase.BasicSystem.Specifications\SetUp\InitalSetup.feature:line 9
</StackTrace>
        </ErrorInfo>
      </Output>
    </UnitTestResult>
  </Results>
</TestRun>